Linked: (/local/vol00/home/vpetrov/dev/smlk_bsd_auv/bsd_auv_tr_sim_v0_2/devel/.private/avl_bsd_translator/include/avl_bsd_translator/ResponseMsg.h, /local/vol00/home/vpetrov/dev/smlk_bsd_auv/bsd_auv_tr_sim_v0_2/devel/include/avl_bsd_translator/ResponseMsg.h)
Linked: (/local/vol00/home/vpetrov/dev/smlk_bsd_auv/bsd_auv_tr_sim_v0_2/devel/.private/avl_bsd_translator/include/avl_bsd_translator/DeviceMsg.h, /local/vol00/home/vpetrov/dev/smlk_bsd_auv/bsd_auv_tr_sim_v0_2/devel/include/avl_bsd_translator/DeviceMsg.h)
Linked: (/local/vol00/home/vpetrov/dev/smlk_bsd_auv/bsd_auv_tr_sim_v0_2/devel/.private/avl_bsd_translator/include/avl_bsd_translator/ActionMsg.h, /local/vol00/home/vpetrov/dev/smlk_bsd_auv/bsd_auv_tr_sim_v0_2/devel/include/avl_bsd_translator/ActionMsg.h)
Linked: (/local/vol00/home/vpetrov/dev/smlk_bsd_auv/bsd_auv_tr_sim_v0_2/devel/.private/avl_bsd_translator/include/avl_bsd_translator/CommandMsg.h, /local/vol00/home/vpetrov/dev/smlk_bsd_auv/bsd_auv_tr_sim_v0_2/devel/include/avl_bsd_translator/CommandMsg.h)
Linked: (/local/vol00/home/vpetrov/dev/smlk_bsd_auv/bsd_auv_tr_sim_v0_2/devel/.private/avl_bsd_translator/include/avl_bsd_translator/PassthroughMsg.h, /local/vol00/home/vpetrov/dev/smlk_bsd_auv/bsd_auv_tr_sim_v0_2/devel/include/avl_bsd_translator/PassthroughMsg.h)
Linked: (/local/vol00/home/vpetrov/dev/smlk_bsd_auv/bsd_auv_tr_sim_v0_2/devel/.private/avl_bsd_translator/include/avl_bsd_translator/HeartbeatMsg.h, /local/vol00/home/vpetrov/dev/smlk_bsd_auv/bsd_auv_tr_sim_v0_2/devel/include/avl_bsd_translator/HeartbeatMsg.h)
Linked: (/local/vol00/home/vpetrov/dev/smlk_bsd_auv/bsd_auv_tr_sim_v0_2/devel/.private/avl_bsd_translator/lib/avl_bsd_translator/bsd_example, /local/vol00/home/vpetrov/dev/smlk_bsd_auv/bsd_auv_tr_sim_v0_2/devel/lib/avl_bsd_translator/bsd_example)
Linked: (/local/vol00/home/vpetrov/dev/smlk_bsd_auv/bsd_auv_tr_sim_v0_2/devel/.private/avl_bsd_translator/lib/python3/dist-packages/avl_bsd_translator/__init__.py, /local/vol00/home/vpetrov/dev/smlk_bsd_auv/bsd_auv_tr_sim_v0_2/devel/lib/python3/dist-packages/avl_bsd_translator/__init__.py)
Linked: (/local/vol00/home/vpetrov/dev/smlk_bsd_auv/bsd_auv_tr_sim_v0_2/devel/.private/avl_bsd_translator/lib/python3/dist-packages/avl_bsd_translator/msg/__init__.py, /local/vol00/home/vpetrov/dev/smlk_bsd_auv/bsd_auv_tr_sim_v0_2/devel/lib/python3/dist-packages/avl_bsd_translator/msg/__init__.py)
Linked: (/local/vol00/home/vpetrov/dev/smlk_bsd_auv/bsd_auv_tr_sim_v0_2/devel/.private/avl_bsd_translator/lib/python3/dist-packages/avl_bsd_translator/msg/_ActionMsg.py, /local/vol00/home/vpetrov/dev/smlk_bsd_auv/bsd_auv_tr_sim_v0_2/devel/lib/python3/dist-packages/avl_bsd_translator/msg/_ActionMsg.py)
Linked: (/local/vol00/home/vpetrov/dev/smlk_bsd_auv/bsd_auv_tr_sim_v0_2/devel/.private/avl_bsd_translator/lib/python3/dist-packages/avl_bsd_translator/msg/_HeartbeatMsg.py, /local/vol00/home/vpetrov/dev/smlk_bsd_auv/bsd_auv_tr_sim_v0_2/devel/lib/python3/dist-packages/avl_bsd_translator/msg/_HeartbeatMsg.py)
Linked: (/local/vol00/home/vpetrov/dev/smlk_bsd_auv/bsd_auv_tr_sim_v0_2/devel/.private/avl_bsd_translator/lib/python3/dist-packages/avl_bsd_translator/msg/_CommandMsg.py, /local/vol00/home/vpetrov/dev/smlk_bsd_auv/bsd_auv_tr_sim_v0_2/devel/lib/python3/dist-packages/avl_bsd_translator/msg/_CommandMsg.py)
Linked: (/local/vol00/home/vpetrov/dev/smlk_bsd_auv/bsd_auv_tr_sim_v0_2/devel/.private/avl_bsd_translator/lib/python3/dist-packages/avl_bsd_translator/msg/_DeviceMsg.py, /local/vol00/home/vpetrov/dev/smlk_bsd_auv/bsd_auv_tr_sim_v0_2/devel/lib/python3/dist-packages/avl_bsd_translator/msg/_DeviceMsg.py)
Linked: (/local/vol00/home/vpetrov/dev/smlk_bsd_auv/bsd_auv_tr_sim_v0_2/devel/.private/avl_bsd_translator/lib/python3/dist-packages/avl_bsd_translator/msg/_PassthroughMsg.py, /local/vol00/home/vpetrov/dev/smlk_bsd_auv/bsd_auv_tr_sim_v0_2/devel/lib/python3/dist-packages/avl_bsd_translator/msg/_PassthroughMsg.py)
Linked: (/local/vol00/home/vpetrov/dev/smlk_bsd_auv/bsd_auv_tr_sim_v0_2/devel/.private/avl_bsd_translator/lib/python3/dist-packages/avl_bsd_translator/msg/_ResponseMsg.py, /local/vol00/home/vpetrov/dev/smlk_bsd_auv/bsd_auv_tr_sim_v0_2/devel/lib/python3/dist-packages/avl_bsd_translator/msg/_ResponseMsg.py)
Linked: (/local/vol00/home/vpetrov/dev/smlk_bsd_auv/bsd_auv_tr_sim_v0_2/devel/.private/avl_bsd_translator/lib/pkgconfig/avl_bsd_translator.pc, /local/vol00/home/vpetrov/dev/smlk_bsd_auv/bsd_auv_tr_sim_v0_2/devel/lib/pkgconfig/avl_bsd_translator.pc)
Linked: (/local/vol00/home/vpetrov/dev/smlk_bsd_auv/bsd_auv_tr_sim_v0_2/devel/.private/avl_bsd_translator/share/roseus/ros/avl_bsd_translator/manifest.l, /local/vol00/home/vpetrov/dev/smlk_bsd_auv/bsd_auv_tr_sim_v0_2/devel/share/roseus/ros/avl_bsd_translator/manifest.l)
Linked: (/local/vol00/home/vpetrov/dev/smlk_bsd_auv/bsd_auv_tr_sim_v0_2/devel/.private/avl_bsd_translator/share/roseus/ros/avl_bsd_translator/msg/ActionMsg.l, /local/vol00/home/vpetrov/dev/smlk_bsd_auv/bsd_auv_tr_sim_v0_2/devel/share/roseus/ros/avl_bsd_translator/msg/ActionMsg.l)
Linked: (/local/vol00/home/vpetrov/dev/smlk_bsd_auv/bsd_auv_tr_sim_v0_2/devel/.private/avl_bsd_translator/share/roseus/ros/avl_bsd_translator/msg/CommandMsg.l, /local/vol00/home/vpetrov/dev/smlk_bsd_auv/bsd_auv_tr_sim_v0_2/devel/share/roseus/ros/avl_bsd_translator/msg/CommandMsg.l)
Linked: (/local/vol00/home/vpetrov/dev/smlk_bsd_auv/bsd_auv_tr_sim_v0_2/devel/.private/avl_bsd_translator/share/roseus/ros/avl_bsd_translator/msg/ResponseMsg.l, /local/vol00/home/vpetrov/dev/smlk_bsd_auv/bsd_auv_tr_sim_v0_2/devel/share/roseus/ros/avl_bsd_translator/msg/ResponseMsg.l)
Linked: (/local/vol00/home/vpetrov/dev/smlk_bsd_auv/bsd_auv_tr_sim_v0_2/devel/.private/avl_bsd_translator/share/roseus/ros/avl_bsd_translator/msg/HeartbeatMsg.l, /local/vol00/home/vpetrov/dev/smlk_bsd_auv/bsd_auv_tr_sim_v0_2/devel/share/roseus/ros/avl_bsd_translator/msg/HeartbeatMsg.l)
Linked: (/local/vol00/home/vpetrov/dev/smlk_bsd_auv/bsd_auv_tr_sim_v0_2/devel/.private/avl_bsd_translator/share/roseus/ros/avl_bsd_translator/msg/PassthroughMsg.l, /local/vol00/home/vpetrov/dev/smlk_bsd_auv/bsd_auv_tr_sim_v0_2/devel/share/roseus/ros/avl_bsd_translator/msg/PassthroughMsg.l)
Linked: (/local/vol00/home/vpetrov/dev/smlk_bsd_auv/bsd_auv_tr_sim_v0_2/devel/.private/avl_bsd_translator/share/roseus/ros/avl_bsd_translator/msg/DeviceMsg.l, /local/vol00/home/vpetrov/dev/smlk_bsd_auv/bsd_auv_tr_sim_v0_2/devel/share/roseus/ros/avl_bsd_translator/msg/DeviceMsg.l)
Linked: (/local/vol00/home/vpetrov/dev/smlk_bsd_auv/bsd_auv_tr_sim_v0_2/devel/.private/avl_bsd_translator/share/gennodejs/ros/avl_bsd_translator/_index.js, /local/vol00/home/vpetrov/dev/smlk_bsd_auv/bsd_auv_tr_sim_v0_2/devel/share/gennodejs/ros/avl_bsd_translator/_index.js)
Linked: (/local/vol00/home/vpetrov/dev/smlk_bsd_auv/bsd_auv_tr_sim_v0_2/devel/.private/avl_bsd_translator/share/gennodejs/ros/avl_bsd_translator/msg/ResponseMsg.js, /local/vol00/home/vpetrov/dev/smlk_bsd_auv/bsd_auv_tr_sim_v0_2/devel/share/gennodejs/ros/avl_bsd_translator/msg/ResponseMsg.js)
Linked: (/local/vol00/home/vpetrov/dev/smlk_bsd_auv/bsd_auv_tr_sim_v0_2/devel/.private/avl_bsd_translator/share/gennodejs/ros/avl_bsd_translator/msg/CommandMsg.js, /local/vol00/home/vpetrov/dev/smlk_bsd_auv/bsd_auv_tr_sim_v0_2/devel/share/gennodejs/ros/avl_bsd_translator/msg/CommandMsg.js)
Linked: (/local/vol00/home/vpetrov/dev/smlk_bsd_auv/bsd_auv_tr_sim_v0_2/devel/.private/avl_bsd_translator/share/gennodejs/ros/avl_bsd_translator/msg/HeartbeatMsg.js, /local/vol00/home/vpetrov/dev/smlk_bsd_auv/bsd_auv_tr_sim_v0_2/devel/share/gennodejs/ros/avl_bsd_translator/msg/HeartbeatMsg.js)
Linked: (/local/vol00/home/vpetrov/dev/smlk_bsd_auv/bsd_auv_tr_sim_v0_2/devel/.private/avl_bsd_translator/share/gennodejs/ros/avl_bsd_translator/msg/_index.js, /local/vol00/home/vpetrov/dev/smlk_bsd_auv/bsd_auv_tr_sim_v0_2/devel/share/gennodejs/ros/avl_bsd_translator/msg/_index.js)
Linked: (/local/vol00/home/vpetrov/dev/smlk_bsd_auv/bsd_auv_tr_sim_v0_2/devel/.private/avl_bsd_translator/share/gennodejs/ros/avl_bsd_translator/msg/PassthroughMsg.js, /local/vol00/home/vpetrov/dev/smlk_bsd_auv/bsd_auv_tr_sim_v0_2/devel/share/gennodejs/ros/avl_bsd_translator/msg/PassthroughMsg.js)
Linked: (/local/vol00/home/vpetrov/dev/smlk_bsd_auv/bsd_auv_tr_sim_v0_2/devel/.private/avl_bsd_translator/share/gennodejs/ros/avl_bsd_translator/msg/DeviceMsg.js, /local/vol00/home/vpetrov/dev/smlk_bsd_auv/bsd_auv_tr_sim_v0_2/devel/share/gennodejs/ros/avl_bsd_translator/msg/DeviceMsg.js)
Linked: (/local/vol00/home/vpetrov/dev/smlk_bsd_auv/bsd_auv_tr_sim_v0_2/devel/.private/avl_bsd_translator/share/gennodejs/ros/avl_bsd_translator/msg/ActionMsg.js, /local/vol00/home/vpetrov/dev/smlk_bsd_auv/bsd_auv_tr_sim_v0_2/devel/share/gennodejs/ros/avl_bsd_translator/msg/ActionMsg.js)
Linked: (/local/vol00/home/vpetrov/dev/smlk_bsd_auv/bsd_auv_tr_sim_v0_2/devel/.private/avl_bsd_translator/share/avl_bsd_translator/cmake/avl_bsd_translatorConfig-version.cmake, /local/vol00/home/vpetrov/dev/smlk_bsd_auv/bsd_auv_tr_sim_v0_2/devel/share/avl_bsd_translator/cmake/avl_bsd_translatorConfig-version.cmake)
Linked: (/local/vol00/home/vpetrov/dev/smlk_bsd_auv/bsd_auv_tr_sim_v0_2/devel/.private/avl_bsd_translator/share/avl_bsd_translator/cmake/avl_bsd_translator-msg-extras.cmake, /local/vol00/home/vpetrov/dev/smlk_bsd_auv/bsd_auv_tr_sim_v0_2/devel/share/avl_bsd_translator/cmake/avl_bsd_translator-msg-extras.cmake)
Linked: (/local/vol00/home/vpetrov/dev/smlk_bsd_auv/bsd_auv_tr_sim_v0_2/devel/.private/avl_bsd_translator/share/avl_bsd_translator/cmake/avl_bsd_translatorConfig.cmake, /local/vol00/home/vpetrov/dev/smlk_bsd_auv/bsd_auv_tr_sim_v0_2/devel/share/avl_bsd_translator/cmake/avl_bsd_translatorConfig.cmake)
Linked: (/local/vol00/home/vpetrov/dev/smlk_bsd_auv/bsd_auv_tr_sim_v0_2/devel/.private/avl_bsd_translator/share/avl_bsd_translator/cmake/avl_bsd_translator-msg-paths.cmake, /local/vol00/home/vpetrov/dev/smlk_bsd_auv/bsd_auv_tr_sim_v0_2/devel/share/avl_bsd_translator/cmake/avl_bsd_translator-msg-paths.cmake)
Linked: (/local/vol00/home/vpetrov/dev/smlk_bsd_auv/bsd_auv_tr_sim_v0_2/devel/.private/avl_bsd_translator/share/common-lisp/ros/avl_bsd_translator/msg/_package_ResponseMsg.lisp, /local/vol00/home/vpetrov/dev/smlk_bsd_auv/bsd_auv_tr_sim_v0_2/devel/share/common-lisp/ros/avl_bsd_translator/msg/_package_ResponseMsg.lisp)
Linked: (/local/vol00/home/vpetrov/dev/smlk_bsd_auv/bsd_auv_tr_sim_v0_2/devel/.private/avl_bsd_translator/share/common-lisp/ros/avl_bsd_translator/msg/avl_bsd_translator-msg.asd, /local/vol00/home/vpetrov/dev/smlk_bsd_auv/bsd_auv_tr_sim_v0_2/devel/share/common-lisp/ros/avl_bsd_translator/msg/avl_bsd_translator-msg.asd)
Linked: (/local/vol00/home/vpetrov/dev/smlk_bsd_auv/bsd_auv_tr_sim_v0_2/devel/.private/avl_bsd_translator/share/common-lisp/ros/avl_bsd_translator/msg/HeartbeatMsg.lisp, /local/vol00/home/vpetrov/dev/smlk_bsd_auv/bsd_auv_tr_sim_v0_2/devel/share/common-lisp/ros/avl_bsd_translator/msg/HeartbeatMsg.lisp)
Linked: (/local/vol00/home/vpetrov/dev/smlk_bsd_auv/bsd_auv_tr_sim_v0_2/devel/.private/avl_bsd_translator/share/common-lisp/ros/avl_bsd_translator/msg/_package_ActionMsg.lisp, /local/vol00/home/vpetrov/dev/smlk_bsd_auv/bsd_auv_tr_sim_v0_2/devel/share/common-lisp/ros/avl_bsd_translator/msg/_package_ActionMsg.lisp)
Linked: (/local/vol00/home/vpetrov/dev/smlk_bsd_auv/bsd_auv_tr_sim_v0_2/devel/.private/avl_bsd_translator/share/common-lisp/ros/avl_bsd_translator/msg/_package_HeartbeatMsg.lisp, /local/vol00/home/vpetrov/dev/smlk_bsd_auv/bsd_auv_tr_sim_v0_2/devel/share/common-lisp/ros/avl_bsd_translator/msg/_package_HeartbeatMsg.lisp)
Linked: (/local/vol00/home/vpetrov/dev/smlk_bsd_auv/bsd_auv_tr_sim_v0_2/devel/.private/avl_bsd_translator/share/common-lisp/ros/avl_bsd_translator/msg/ResponseMsg.lisp, /local/vol00/home/vpetrov/dev/smlk_bsd_auv/bsd_auv_tr_sim_v0_2/devel/share/common-lisp/ros/avl_bsd_translator/msg/ResponseMsg.lisp)
Linked: (/local/vol00/home/vpetrov/dev/smlk_bsd_auv/bsd_auv_tr_sim_v0_2/devel/.private/avl_bsd_translator/share/common-lisp/ros/avl_bsd_translator/msg/CommandMsg.lisp, /local/vol00/home/vpetrov/dev/smlk_bsd_auv/bsd_auv_tr_sim_v0_2/devel/share/common-lisp/ros/avl_bsd_translator/msg/CommandMsg.lisp)
Linked: (/local/vol00/home/vpetrov/dev/smlk_bsd_auv/bsd_auv_tr_sim_v0_2/devel/.private/avl_bsd_translator/share/common-lisp/ros/avl_bsd_translator/msg/_package_CommandMsg.lisp, /local/vol00/home/vpetrov/dev/smlk_bsd_auv/bsd_auv_tr_sim_v0_2/devel/share/common-lisp/ros/avl_bsd_translator/msg/_package_CommandMsg.lisp)
Linked: (/local/vol00/home/vpetrov/dev/smlk_bsd_auv/bsd_auv_tr_sim_v0_2/devel/.private/avl_bsd_translator/share/common-lisp/ros/avl_bsd_translator/msg/_package_DeviceMsg.lisp, /local/vol00/home/vpetrov/dev/smlk_bsd_auv/bsd_auv_tr_sim_v0_2/devel/share/common-lisp/ros/avl_bsd_translator/msg/_package_DeviceMsg.lisp)
Linked: (/local/vol00/home/vpetrov/dev/smlk_bsd_auv/bsd_auv_tr_sim_v0_2/devel/.private/avl_bsd_translator/share/common-lisp/ros/avl_bsd_translator/msg/_package.lisp, /local/vol00/home/vpetrov/dev/smlk_bsd_auv/bsd_auv_tr_sim_v0_2/devel/share/common-lisp/ros/avl_bsd_translator/msg/_package.lisp)
Linked: (/local/vol00/home/vpetrov/dev/smlk_bsd_auv/bsd_auv_tr_sim_v0_2/devel/.private/avl_bsd_translator/share/common-lisp/ros/avl_bsd_translator/msg/DeviceMsg.lisp, /local/vol00/home/vpetrov/dev/smlk_bsd_auv/bsd_auv_tr_sim_v0_2/devel/share/common-lisp/ros/avl_bsd_translator/msg/DeviceMsg.lisp)
Linked: (/local/vol00/home/vpetrov/dev/smlk_bsd_auv/bsd_auv_tr_sim_v0_2/devel/.private/avl_bsd_translator/share/common-lisp/ros/avl_bsd_translator/msg/ActionMsg.lisp, /local/vol00/home/vpetrov/dev/smlk_bsd_auv/bsd_auv_tr_sim_v0_2/devel/share/common-lisp/ros/avl_bsd_translator/msg/ActionMsg.lisp)
Linked: (/local/vol00/home/vpetrov/dev/smlk_bsd_auv/bsd_auv_tr_sim_v0_2/devel/.private/avl_bsd_translator/share/common-lisp/ros/avl_bsd_translator/msg/PassthroughMsg.lisp, /local/vol00/home/vpetrov/dev/smlk_bsd_auv/bsd_auv_tr_sim_v0_2/devel/share/common-lisp/ros/avl_bsd_translator/msg/PassthroughMsg.lisp)
Linked: (/local/vol00/home/vpetrov/dev/smlk_bsd_auv/bsd_auv_tr_sim_v0_2/devel/.private/avl_bsd_translator/share/common-lisp/ros/avl_bsd_translator/msg/_package_PassthroughMsg.lisp, /local/vol00/home/vpetrov/dev/smlk_bsd_auv/bsd_auv_tr_sim_v0_2/devel/share/common-lisp/ros/avl_bsd_translator/msg/_package_PassthroughMsg.lisp)
