/usr/bin/cmake -S/local/vol00/home/vpetrov/dev/smlk_bsd_auv/bsd_auv_tr_sim_v0_3_ws/src/ctrl_tt_ad_ctrl_cpp_ros -B/local/vol00/home/vpetrov/dev/smlk_bsd_auv/bsd_auv_tr_sim_v0_3_ws/build/ctrl_tt_ad_ctrl_cpp_ros --check-build-system CMakeFiles/Makefile.cmake 0
/usr/bin/cmake -E cmake_progress_start /local/vol00/home/vpetrov/dev/smlk_bsd_auv/bsd_auv_tr_sim_v0_3_ws/build/ctrl_tt_ad_ctrl_cpp_ros/CMakeFiles /local/vol00/home/vpetrov/dev/smlk_bsd_auv/bsd_auv_tr_sim_v0_3_ws/build/ctrl_tt_ad_ctrl_cpp_ros/CMakeFiles/progress.marks
/usr/bin/make -f CMakeFiles/Makefile2 all
make[1]: Entering directory '/local/vol00/home/vpetrov/dev/smlk_bsd_auv/bsd_auv_tr_sim_v0_3_ws/build/ctrl_tt_ad_ctrl_cpp_ros'
/usr/bin/make -f CMakeFiles/rosgraph_msgs_generate_messages_lisp.dir/build.make CMakeFiles/rosgraph_msgs_generate_messages_lisp.dir/depend
/usr/bin/make -f CMakeFiles/std_msgs_generate_messages_cpp.dir/build.make CMakeFiles/std_msgs_generate_messages_cpp.dir/depend
/usr/bin/make -f CMakeFiles/rosgraph_msgs_generate_messages_nodejs.dir/build.make CMakeFiles/rosgraph_msgs_generate_messages_nodejs.dir/depend
/usr/bin/make -f CMakeFiles/std_msgs_generate_messages_lisp.dir/build.make CMakeFiles/std_msgs_generate_messages_lisp.dir/depend
/usr/bin/make -f CMakeFiles/std_msgs_generate_messages_py.dir/build.make CMakeFiles/std_msgs_generate_messages_py.dir/depend
/usr/bin/make -f CMakeFiles/std_msgs_generate_messages_nodejs.dir/build.make CMakeFiles/std_msgs_generate_messages_nodejs.dir/depend
make[2]: Entering directory '/local/vol00/home/vpetrov/dev/smlk_bsd_auv/bsd_auv_tr_sim_v0_3_ws/build/ctrl_tt_ad_ctrl_cpp_ros'
cd /local/vol00/home/vpetrov/dev/smlk_bsd_auv/bsd_auv_tr_sim_v0_3_ws/build/ctrl_tt_ad_ctrl_cpp_ros && /usr/bin/cmake -E cmake_depends "Unix Makefiles" /local/vol00/home/vpetrov/dev/smlk_bsd_auv/bsd_auv_tr_sim_v0_3_ws/src/ctrl_tt_ad_ctrl_cpp_ros /local/vol00/home/vpetrov/dev/smlk_bsd_auv/bsd_auv_tr_sim_v0_3_ws/src/ctrl_tt_ad_ctrl_cpp_ros /local/vol00/home/vpetrov/dev/smlk_bsd_auv/bsd_auv_tr_sim_v0_3_ws/build/ctrl_tt_ad_ctrl_cpp_ros /local/vol00/home/vpetrov/dev/smlk_bsd_auv/bsd_auv_tr_sim_v0_3_ws/build/ctrl_tt_ad_ctrl_cpp_ros /local/vol00/home/vpetrov/dev/smlk_bsd_auv/bsd_auv_tr_sim_v0_3_ws/build/ctrl_tt_ad_ctrl_cpp_ros/CMakeFiles/rosgraph_msgs_generate_messages_lisp.dir/DependInfo.cmake --color=
/usr/bin/make -f CMakeFiles/roscpp_generate_messages_py.dir/build.make CMakeFiles/roscpp_generate_messages_py.dir/depend
make[2]: Entering directory '/local/vol00/home/vpetrov/dev/smlk_bsd_auv/bsd_auv_tr_sim_v0_3_ws/build/ctrl_tt_ad_ctrl_cpp_ros'
cd /local/vol00/home/vpetrov/dev/smlk_bsd_auv/bsd_auv_tr_sim_v0_3_ws/build/ctrl_tt_ad_ctrl_cpp_ros && /usr/bin/cmake -E cmake_depends "Unix Makefiles" /local/vol00/home/vpetrov/dev/smlk_bsd_auv/bsd_auv_tr_sim_v0_3_ws/src/ctrl_tt_ad_ctrl_cpp_ros /local/vol00/home/vpetrov/dev/smlk_bsd_auv/bsd_auv_tr_sim_v0_3_ws/src/ctrl_tt_ad_ctrl_cpp_ros /local/vol00/home/vpetrov/dev/smlk_bsd_auv/bsd_auv_tr_sim_v0_3_ws/build/ctrl_tt_ad_ctrl_cpp_ros /local/vol00/home/vpetrov/dev/smlk_bsd_auv/bsd_auv_tr_sim_v0_3_ws/build/ctrl_tt_ad_ctrl_cpp_ros /local/vol00/home/vpetrov/dev/smlk_bsd_auv/bsd_auv_tr_sim_v0_3_ws/build/ctrl_tt_ad_ctrl_cpp_ros/CMakeFiles/std_msgs_generate_messages_cpp.dir/DependInfo.cmake --color=
/usr/bin/make -f CMakeFiles/roscpp_generate_messages_cpp.dir/build.make CMakeFiles/roscpp_generate_messages_cpp.dir/depend
make[2]: Entering directory '/local/vol00/home/vpetrov/dev/smlk_bsd_auv/bsd_auv_tr_sim_v0_3_ws/build/ctrl_tt_ad_ctrl_cpp_ros'
cd /local/vol00/home/vpetrov/dev/smlk_bsd_auv/bsd_auv_tr_sim_v0_3_ws/build/ctrl_tt_ad_ctrl_cpp_ros && /usr/bin/cmake -E cmake_depends "Unix Makefiles" /local/vol00/home/vpetrov/dev/smlk_bsd_auv/bsd_auv_tr_sim_v0_3_ws/src/ctrl_tt_ad_ctrl_cpp_ros /local/vol00/home/vpetrov/dev/smlk_bsd_auv/bsd_auv_tr_sim_v0_3_ws/src/ctrl_tt_ad_ctrl_cpp_ros /local/vol00/home/vpetrov/dev/smlk_bsd_auv/bsd_auv_tr_sim_v0_3_ws/build/ctrl_tt_ad_ctrl_cpp_ros /local/vol00/home/vpetrov/dev/smlk_bsd_auv/bsd_auv_tr_sim_v0_3_ws/build/ctrl_tt_ad_ctrl_cpp_ros /local/vol00/home/vpetrov/dev/smlk_bsd_auv/bsd_auv_tr_sim_v0_3_ws/build/ctrl_tt_ad_ctrl_cpp_ros/CMakeFiles/rosgraph_msgs_generate_messages_nodejs.dir/DependInfo.cmake --color=
/usr/bin/make -f CMakeFiles/roscpp_generate_messages_eus.dir/build.make CMakeFiles/roscpp_generate_messages_eus.dir/depend
make[2]: Entering directory '/local/vol00/home/vpetrov/dev/smlk_bsd_auv/bsd_auv_tr_sim_v0_3_ws/build/ctrl_tt_ad_ctrl_cpp_ros'
cd /local/vol00/home/vpetrov/dev/smlk_bsd_auv/bsd_auv_tr_sim_v0_3_ws/build/ctrl_tt_ad_ctrl_cpp_ros && /usr/bin/cmake -E cmake_depends "Unix Makefiles" /local/vol00/home/vpetrov/dev/smlk_bsd_auv/bsd_auv_tr_sim_v0_3_ws/src/ctrl_tt_ad_ctrl_cpp_ros /local/vol00/home/vpetrov/dev/smlk_bsd_auv/bsd_auv_tr_sim_v0_3_ws/src/ctrl_tt_ad_ctrl_cpp_ros /local/vol00/home/vpetrov/dev/smlk_bsd_auv/bsd_auv_tr_sim_v0_3_ws/build/ctrl_tt_ad_ctrl_cpp_ros /local/vol00/home/vpetrov/dev/smlk_bsd_auv/bsd_auv_tr_sim_v0_3_ws/build/ctrl_tt_ad_ctrl_cpp_ros /local/vol00/home/vpetrov/dev/smlk_bsd_auv/bsd_auv_tr_sim_v0_3_ws/build/ctrl_tt_ad_ctrl_cpp_ros/CMakeFiles/std_msgs_generate_messages_lisp.dir/DependInfo.cmake --color=
/usr/bin/make -f CMakeFiles/rosgraph_msgs_generate_messages_py.dir/build.make CMakeFiles/rosgraph_msgs_generate_messages_py.dir/depend
make[2]: Entering directory '/local/vol00/home/vpetrov/dev/smlk_bsd_auv/bsd_auv_tr_sim_v0_3_ws/build/ctrl_tt_ad_ctrl_cpp_ros'
cd /local/vol00/home/vpetrov/dev/smlk_bsd_auv/bsd_auv_tr_sim_v0_3_ws/build/ctrl_tt_ad_ctrl_cpp_ros && /usr/bin/cmake -E cmake_depends "Unix Makefiles" /local/vol00/home/vpetrov/dev/smlk_bsd_auv/bsd_auv_tr_sim_v0_3_ws/src/ctrl_tt_ad_ctrl_cpp_ros /local/vol00/home/vpetrov/dev/smlk_bsd_auv/bsd_auv_tr_sim_v0_3_ws/src/ctrl_tt_ad_ctrl_cpp_ros /local/vol00/home/vpetrov/dev/smlk_bsd_auv/bsd_auv_tr_sim_v0_3_ws/build/ctrl_tt_ad_ctrl_cpp_ros /local/vol00/home/vpetrov/dev/smlk_bsd_auv/bsd_auv_tr_sim_v0_3_ws/build/ctrl_tt_ad_ctrl_cpp_ros /local/vol00/home/vpetrov/dev/smlk_bsd_auv/bsd_auv_tr_sim_v0_3_ws/build/ctrl_tt_ad_ctrl_cpp_ros/CMakeFiles/std_msgs_generate_messages_py.dir/DependInfo.cmake --color=
/usr/bin/make -f CMakeFiles/roscpp_generate_messages_lisp.dir/build.make CMakeFiles/roscpp_generate_messages_lisp.dir/depend
make[2]: Entering directory '/local/vol00/home/vpetrov/dev/smlk_bsd_auv/bsd_auv_tr_sim_v0_3_ws/build/ctrl_tt_ad_ctrl_cpp_ros'
cd /local/vol00/home/vpetrov/dev/smlk_bsd_auv/bsd_auv_tr_sim_v0_3_ws/build/ctrl_tt_ad_ctrl_cpp_ros && /usr/bin/cmake -E cmake_depends "Unix Makefiles" /local/vol00/home/vpetrov/dev/smlk_bsd_auv/bsd_auv_tr_sim_v0_3_ws/src/ctrl_tt_ad_ctrl_cpp_ros /local/vol00/home/vpetrov/dev/smlk_bsd_auv/bsd_auv_tr_sim_v0_3_ws/src/ctrl_tt_ad_ctrl_cpp_ros /local/vol00/home/vpetrov/dev/smlk_bsd_auv/bsd_auv_tr_sim_v0_3_ws/build/ctrl_tt_ad_ctrl_cpp_ros /local/vol00/home/vpetrov/dev/smlk_bsd_auv/bsd_auv_tr_sim_v0_3_ws/build/ctrl_tt_ad_ctrl_cpp_ros /local/vol00/home/vpetrov/dev/smlk_bsd_auv/bsd_auv_tr_sim_v0_3_ws/build/ctrl_tt_ad_ctrl_cpp_ros/CMakeFiles/std_msgs_generate_messages_nodejs.dir/DependInfo.cmake --color=
make[2]: Entering directory '/local/vol00/home/vpetrov/dev/smlk_bsd_auv/bsd_auv_tr_sim_v0_3_ws/build/ctrl_tt_ad_ctrl_cpp_ros'
cd /local/vol00/home/vpetrov/dev/smlk_bsd_auv/bsd_auv_tr_sim_v0_3_ws/build/ctrl_tt_ad_ctrl_cpp_ros && /usr/bin/cmake -E cmake_depends "Unix Makefiles" /local/vol00/home/vpetrov/dev/smlk_bsd_auv/bsd_auv_tr_sim_v0_3_ws/src/ctrl_tt_ad_ctrl_cpp_ros /local/vol00/home/vpetrov/dev/smlk_bsd_auv/bsd_auv_tr_sim_v0_3_ws/src/ctrl_tt_ad_ctrl_cpp_ros /local/vol00/home/vpetrov/dev/smlk_bsd_auv/bsd_auv_tr_sim_v0_3_ws/build/ctrl_tt_ad_ctrl_cpp_ros /local/vol00/home/vpetrov/dev/smlk_bsd_auv/bsd_auv_tr_sim_v0_3_ws/build/ctrl_tt_ad_ctrl_cpp_ros /local/vol00/home/vpetrov/dev/smlk_bsd_auv/bsd_auv_tr_sim_v0_3_ws/build/ctrl_tt_ad_ctrl_cpp_ros/CMakeFiles/roscpp_generate_messages_py.dir/DependInfo.cmake --color=
make[2]: Entering directory '/local/vol00/home/vpetrov/dev/smlk_bsd_auv/bsd_auv_tr_sim_v0_3_ws/build/ctrl_tt_ad_ctrl_cpp_ros'
cd /local/vol00/home/vpetrov/dev/smlk_bsd_auv/bsd_auv_tr_sim_v0_3_ws/build/ctrl_tt_ad_ctrl_cpp_ros && /usr/bin/cmake -E cmake_depends "Unix Makefiles" /local/vol00/home/vpetrov/dev/smlk_bsd_auv/bsd_auv_tr_sim_v0_3_ws/src/ctrl_tt_ad_ctrl_cpp_ros /local/vol00/home/vpetrov/dev/smlk_bsd_auv/bsd_auv_tr_sim_v0_3_ws/src/ctrl_tt_ad_ctrl_cpp_ros /local/vol00/home/vpetrov/dev/smlk_bsd_auv/bsd_auv_tr_sim_v0_3_ws/build/ctrl_tt_ad_ctrl_cpp_ros /local/vol00/home/vpetrov/dev/smlk_bsd_auv/bsd_auv_tr_sim_v0_3_ws/build/ctrl_tt_ad_ctrl_cpp_ros /local/vol00/home/vpetrov/dev/smlk_bsd_auv/bsd_auv_tr_sim_v0_3_ws/build/ctrl_tt_ad_ctrl_cpp_ros/CMakeFiles/roscpp_generate_messages_cpp.dir/DependInfo.cmake --color=
make[2]: Entering directory '/local/vol00/home/vpetrov/dev/smlk_bsd_auv/bsd_auv_tr_sim_v0_3_ws/build/ctrl_tt_ad_ctrl_cpp_ros'
cd /local/vol00/home/vpetrov/dev/smlk_bsd_auv/bsd_auv_tr_sim_v0_3_ws/build/ctrl_tt_ad_ctrl_cpp_ros && /usr/bin/cmake -E cmake_depends "Unix Makefiles" /local/vol00/home/vpetrov/dev/smlk_bsd_auv/bsd_auv_tr_sim_v0_3_ws/src/ctrl_tt_ad_ctrl_cpp_ros /local/vol00/home/vpetrov/dev/smlk_bsd_auv/bsd_auv_tr_sim_v0_3_ws/src/ctrl_tt_ad_ctrl_cpp_ros /local/vol00/home/vpetrov/dev/smlk_bsd_auv/bsd_auv_tr_sim_v0_3_ws/build/ctrl_tt_ad_ctrl_cpp_ros /local/vol00/home/vpetrov/dev/smlk_bsd_auv/bsd_auv_tr_sim_v0_3_ws/build/ctrl_tt_ad_ctrl_cpp_ros /local/vol00/home/vpetrov/dev/smlk_bsd_auv/bsd_auv_tr_sim_v0_3_ws/build/ctrl_tt_ad_ctrl_cpp_ros/CMakeFiles/roscpp_generate_messages_eus.dir/DependInfo.cmake --color=
make[2]: Entering directory '/local/vol00/home/vpetrov/dev/smlk_bsd_auv/bsd_auv_tr_sim_v0_3_ws/build/ctrl_tt_ad_ctrl_cpp_ros'
cd /local/vol00/home/vpetrov/dev/smlk_bsd_auv/bsd_auv_tr_sim_v0_3_ws/build/ctrl_tt_ad_ctrl_cpp_ros && /usr/bin/cmake -E cmake_depends "Unix Makefiles" /local/vol00/home/vpetrov/dev/smlk_bsd_auv/bsd_auv_tr_sim_v0_3_ws/src/ctrl_tt_ad_ctrl_cpp_ros /local/vol00/home/vpetrov/dev/smlk_bsd_auv/bsd_auv_tr_sim_v0_3_ws/src/ctrl_tt_ad_ctrl_cpp_ros /local/vol00/home/vpetrov/dev/smlk_bsd_auv/bsd_auv_tr_sim_v0_3_ws/build/ctrl_tt_ad_ctrl_cpp_ros /local/vol00/home/vpetrov/dev/smlk_bsd_auv/bsd_auv_tr_sim_v0_3_ws/build/ctrl_tt_ad_ctrl_cpp_ros /local/vol00/home/vpetrov/dev/smlk_bsd_auv/bsd_auv_tr_sim_v0_3_ws/build/ctrl_tt_ad_ctrl_cpp_ros/CMakeFiles/rosgraph_msgs_generate_messages_py.dir/DependInfo.cmake --color=
make[2]: Entering directory '/local/vol00/home/vpetrov/dev/smlk_bsd_auv/bsd_auv_tr_sim_v0_3_ws/build/ctrl_tt_ad_ctrl_cpp_ros'
cd /local/vol00/home/vpetrov/dev/smlk_bsd_auv/bsd_auv_tr_sim_v0_3_ws/build/ctrl_tt_ad_ctrl_cpp_ros && /usr/bin/cmake -E cmake_depends "Unix Makefiles" /local/vol00/home/vpetrov/dev/smlk_bsd_auv/bsd_auv_tr_sim_v0_3_ws/src/ctrl_tt_ad_ctrl_cpp_ros /local/vol00/home/vpetrov/dev/smlk_bsd_auv/bsd_auv_tr_sim_v0_3_ws/src/ctrl_tt_ad_ctrl_cpp_ros /local/vol00/home/vpetrov/dev/smlk_bsd_auv/bsd_auv_tr_sim_v0_3_ws/build/ctrl_tt_ad_ctrl_cpp_ros /local/vol00/home/vpetrov/dev/smlk_bsd_auv/bsd_auv_tr_sim_v0_3_ws/build/ctrl_tt_ad_ctrl_cpp_ros /local/vol00/home/vpetrov/dev/smlk_bsd_auv/bsd_auv_tr_sim_v0_3_ws/build/ctrl_tt_ad_ctrl_cpp_ros/CMakeFiles/roscpp_generate_messages_lisp.dir/DependInfo.cmake --color=
make[2]: Leaving directory '/local/vol00/home/vpetrov/dev/smlk_bsd_auv/bsd_auv_tr_sim_v0_3_ws/build/ctrl_tt_ad_ctrl_cpp_ros'
/usr/bin/make -f CMakeFiles/roscpp_generate_messages_cpp.dir/build.make CMakeFiles/roscpp_generate_messages_cpp.dir/build
make[2]: Leaving directory '/local/vol00/home/vpetrov/dev/smlk_bsd_auv/bsd_auv_tr_sim_v0_3_ws/build/ctrl_tt_ad_ctrl_cpp_ros'
make[2]: Leaving directory '/local/vol00/home/vpetrov/dev/smlk_bsd_auv/bsd_auv_tr_sim_v0_3_ws/build/ctrl_tt_ad_ctrl_cpp_ros'
make[2]: Leaving directory '/local/vol00/home/vpetrov/dev/smlk_bsd_auv/bsd_auv_tr_sim_v0_3_ws/build/ctrl_tt_ad_ctrl_cpp_ros'
/usr/bin/make -f CMakeFiles/rosgraph_msgs_generate_messages_lisp.dir/build.make CMakeFiles/rosgraph_msgs_generate_messages_lisp.dir/build
make[2]: Leaving directory '/local/vol00/home/vpetrov/dev/smlk_bsd_auv/bsd_auv_tr_sim_v0_3_ws/build/ctrl_tt_ad_ctrl_cpp_ros'
make[2]: Leaving directory '/local/vol00/home/vpetrov/dev/smlk_bsd_auv/bsd_auv_tr_sim_v0_3_ws/build/ctrl_tt_ad_ctrl_cpp_ros'
/usr/bin/make -f CMakeFiles/rosgraph_msgs_generate_messages_nodejs.dir/build.make CMakeFiles/rosgraph_msgs_generate_messages_nodejs.dir/build
make[2]: Leaving directory '/local/vol00/home/vpetrov/dev/smlk_bsd_auv/bsd_auv_tr_sim_v0_3_ws/build/ctrl_tt_ad_ctrl_cpp_ros'
/usr/bin/make -f CMakeFiles/std_msgs_generate_messages_cpp.dir/build.make CMakeFiles/std_msgs_generate_messages_cpp.dir/build
make[2]: Leaving directory '/local/vol00/home/vpetrov/dev/smlk_bsd_auv/bsd_auv_tr_sim_v0_3_ws/build/ctrl_tt_ad_ctrl_cpp_ros'
make[2]: Leaving directory '/local/vol00/home/vpetrov/dev/smlk_bsd_auv/bsd_auv_tr_sim_v0_3_ws/build/ctrl_tt_ad_ctrl_cpp_ros'
/usr/bin/make -f CMakeFiles/std_msgs_generate_messages_lisp.dir/build.make CMakeFiles/std_msgs_generate_messages_lisp.dir/build
make[2]: Entering directory '/local/vol00/home/vpetrov/dev/smlk_bsd_auv/bsd_auv_tr_sim_v0_3_ws/build/ctrl_tt_ad_ctrl_cpp_ros'
make[2]: Nothing to be done for 'CMakeFiles/roscpp_generate_messages_cpp.dir/build'.
make[2]: Leaving directory '/local/vol00/home/vpetrov/dev/smlk_bsd_auv/bsd_auv_tr_sim_v0_3_ws/build/ctrl_tt_ad_ctrl_cpp_ros'
make[2]: Entering directory '/local/vol00/home/vpetrov/dev/smlk_bsd_auv/bsd_auv_tr_sim_v0_3_ws/build/ctrl_tt_ad_ctrl_cpp_ros'
make[2]: Nothing to be done for 'CMakeFiles/rosgraph_msgs_generate_messages_lisp.dir/build'.
make[2]: Leaving directory '/local/vol00/home/vpetrov/dev/smlk_bsd_auv/bsd_auv_tr_sim_v0_3_ws/build/ctrl_tt_ad_ctrl_cpp_ros'
/usr/bin/make -f CMakeFiles/std_msgs_generate_messages_py.dir/build.make CMakeFiles/std_msgs_generate_messages_py.dir/build
make[2]: Entering directory '/local/vol00/home/vpetrov/dev/smlk_bsd_auv/bsd_auv_tr_sim_v0_3_ws/build/ctrl_tt_ad_ctrl_cpp_ros'
make[2]: Nothing to be done for 'CMakeFiles/rosgraph_msgs_generate_messages_nodejs.dir/build'.
make[2]: Leaving directory '/local/vol00/home/vpetrov/dev/smlk_bsd_auv/bsd_auv_tr_sim_v0_3_ws/build/ctrl_tt_ad_ctrl_cpp_ros'
/usr/bin/make -f CMakeFiles/std_msgs_generate_messages_nodejs.dir/build.make CMakeFiles/std_msgs_generate_messages_nodejs.dir/build
make[2]: Leaving directory '/local/vol00/home/vpetrov/dev/smlk_bsd_auv/bsd_auv_tr_sim_v0_3_ws/build/ctrl_tt_ad_ctrl_cpp_ros'
/usr/bin/make -f CMakeFiles/roscpp_generate_messages_py.dir/build.make CMakeFiles/roscpp_generate_messages_py.dir/build
/usr/bin/make -f CMakeFiles/rosgraph_msgs_generate_messages_py.dir/build.make CMakeFiles/rosgraph_msgs_generate_messages_py.dir/build
make[2]: Entering directory '/local/vol00/home/vpetrov/dev/smlk_bsd_auv/bsd_auv_tr_sim_v0_3_ws/build/ctrl_tt_ad_ctrl_cpp_ros'
make[2]: Nothing to be done for 'CMakeFiles/std_msgs_generate_messages_lisp.dir/build'.
make[2]: Leaving directory '/local/vol00/home/vpetrov/dev/smlk_bsd_auv/bsd_auv_tr_sim_v0_3_ws/build/ctrl_tt_ad_ctrl_cpp_ros'
/usr/bin/make -f CMakeFiles/roscpp_generate_messages_eus.dir/build.make CMakeFiles/roscpp_generate_messages_eus.dir/build
make[2]: Entering directory '/local/vol00/home/vpetrov/dev/smlk_bsd_auv/bsd_auv_tr_sim_v0_3_ws/build/ctrl_tt_ad_ctrl_cpp_ros'
make[2]: Nothing to be done for 'CMakeFiles/std_msgs_generate_messages_cpp.dir/build'.
make[2]: Leaving directory '/local/vol00/home/vpetrov/dev/smlk_bsd_auv/bsd_auv_tr_sim_v0_3_ws/build/ctrl_tt_ad_ctrl_cpp_ros'
make[2]: Entering directory '/local/vol00/home/vpetrov/dev/smlk_bsd_auv/bsd_auv_tr_sim_v0_3_ws/build/ctrl_tt_ad_ctrl_cpp_ros'
make[2]: Nothing to be done for 'CMakeFiles/std_msgs_generate_messages_py.dir/build'.
make[2]: Leaving directory '/local/vol00/home/vpetrov/dev/smlk_bsd_auv/bsd_auv_tr_sim_v0_3_ws/build/ctrl_tt_ad_ctrl_cpp_ros'
make[2]: Entering directory '/local/vol00/home/vpetrov/dev/smlk_bsd_auv/bsd_auv_tr_sim_v0_3_ws/build/ctrl_tt_ad_ctrl_cpp_ros'
make[2]: Nothing to be done for 'CMakeFiles/roscpp_generate_messages_py.dir/build'.
make[2]: Leaving directory '/local/vol00/home/vpetrov/dev/smlk_bsd_auv/bsd_auv_tr_sim_v0_3_ws/build/ctrl_tt_ad_ctrl_cpp_ros'
make[2]: Entering directory '/local/vol00/home/vpetrov/dev/smlk_bsd_auv/bsd_auv_tr_sim_v0_3_ws/build/ctrl_tt_ad_ctrl_cpp_ros'
make[2]: Nothing to be done for 'CMakeFiles/std_msgs_generate_messages_nodejs.dir/build'.
make[2]: Leaving directory '/local/vol00/home/vpetrov/dev/smlk_bsd_auv/bsd_auv_tr_sim_v0_3_ws/build/ctrl_tt_ad_ctrl_cpp_ros'
make[2]: Entering directory '/local/vol00/home/vpetrov/dev/smlk_bsd_auv/bsd_auv_tr_sim_v0_3_ws/build/ctrl_tt_ad_ctrl_cpp_ros'
make[2]: Nothing to be done for 'CMakeFiles/roscpp_generate_messages_eus.dir/build'.
make[2]: Entering directory '/local/vol00/home/vpetrov/dev/smlk_bsd_auv/bsd_auv_tr_sim_v0_3_ws/build/ctrl_tt_ad_ctrl_cpp_ros'
make[2]: Leaving directory '/local/vol00/home/vpetrov/dev/smlk_bsd_auv/bsd_auv_tr_sim_v0_3_ws/build/ctrl_tt_ad_ctrl_cpp_ros'
make[2]: Nothing to be done for 'CMakeFiles/rosgraph_msgs_generate_messages_py.dir/build'.
make[2]: Leaving directory '/local/vol00/home/vpetrov/dev/smlk_bsd_auv/bsd_auv_tr_sim_v0_3_ws/build/ctrl_tt_ad_ctrl_cpp_ros'
make[2]: Leaving directory '/local/vol00/home/vpetrov/dev/smlk_bsd_auv/bsd_auv_tr_sim_v0_3_ws/build/ctrl_tt_ad_ctrl_cpp_ros'
/usr/bin/make -f CMakeFiles/roscpp_generate_messages_lisp.dir/build.make CMakeFiles/roscpp_generate_messages_lisp.dir/build
make[2]: Entering directory '/local/vol00/home/vpetrov/dev/smlk_bsd_auv/bsd_auv_tr_sim_v0_3_ws/build/ctrl_tt_ad_ctrl_cpp_ros'
make[2]: Nothing to be done for 'CMakeFiles/roscpp_generate_messages_lisp.dir/build'.
make[2]: Leaving directory '/local/vol00/home/vpetrov/dev/smlk_bsd_auv/bsd_auv_tr_sim_v0_3_ws/build/ctrl_tt_ad_ctrl_cpp_ros'
[  0%] Built target roscpp_generate_messages_cpp
[  0%] Built target std_msgs_generate_messages_nodejs
[  0%] Built target rosgraph_msgs_generate_messages_nodejs
/usr/bin/make -f CMakeFiles/std_msgs_generate_messages_eus.dir/build.make CMakeFiles/std_msgs_generate_messages_eus.dir/depend
[  0%] Built target rosgraph_msgs_generate_messages_lisp
[  0%] Built target std_msgs_generate_messages_cpp
/usr/bin/make -f CMakeFiles/roscpp_generate_messages_nodejs.dir/build.make CMakeFiles/roscpp_generate_messages_nodejs.dir/depend
/usr/bin/make -f CMakeFiles/rosgraph_msgs_generate_messages_cpp.dir/build.make CMakeFiles/rosgraph_msgs_generate_messages_cpp.dir/depend
/usr/bin/make -f CMakeFiles/rosgraph_msgs_generate_messages_eus.dir/build.make CMakeFiles/rosgraph_msgs_generate_messages_eus.dir/depend
[  0%] Built target std_msgs_generate_messages_lisp
[  0%] Built target std_msgs_generate_messages_py
make[2]: Entering directory '/local/vol00/home/vpetrov/dev/smlk_bsd_auv/bsd_auv_tr_sim_v0_3_ws/build/ctrl_tt_ad_ctrl_cpp_ros'
cd /local/vol00/home/vpetrov/dev/smlk_bsd_auv/bsd_auv_tr_sim_v0_3_ws/build/ctrl_tt_ad_ctrl_cpp_ros && /usr/bin/cmake -E cmake_depends "Unix Makefiles" /local/vol00/home/vpetrov/dev/smlk_bsd_auv/bsd_auv_tr_sim_v0_3_ws/src/ctrl_tt_ad_ctrl_cpp_ros /local/vol00/home/vpetrov/dev/smlk_bsd_auv/bsd_auv_tr_sim_v0_3_ws/src/ctrl_tt_ad_ctrl_cpp_ros /local/vol00/home/vpetrov/dev/smlk_bsd_auv/bsd_auv_tr_sim_v0_3_ws/build/ctrl_tt_ad_ctrl_cpp_ros /local/vol00/home/vpetrov/dev/smlk_bsd_auv/bsd_auv_tr_sim_v0_3_ws/build/ctrl_tt_ad_ctrl_cpp_ros /local/vol00/home/vpetrov/dev/smlk_bsd_auv/bsd_auv_tr_sim_v0_3_ws/build/ctrl_tt_ad_ctrl_cpp_ros/CMakeFiles/std_msgs_generate_messages_eus.dir/DependInfo.cmake --color=
make[2]: Entering directory '/local/vol00/home/vpetrov/dev/smlk_bsd_auv/bsd_auv_tr_sim_v0_3_ws/build/ctrl_tt_ad_ctrl_cpp_ros'
cd /local/vol00/home/vpetrov/dev/smlk_bsd_auv/bsd_auv_tr_sim_v0_3_ws/build/ctrl_tt_ad_ctrl_cpp_ros && /usr/bin/cmake -E cmake_depends "Unix Makefiles" /local/vol00/home/vpetrov/dev/smlk_bsd_auv/bsd_auv_tr_sim_v0_3_ws/src/ctrl_tt_ad_ctrl_cpp_ros /local/vol00/home/vpetrov/dev/smlk_bsd_auv/bsd_auv_tr_sim_v0_3_ws/src/ctrl_tt_ad_ctrl_cpp_ros /local/vol00/home/vpetrov/dev/smlk_bsd_auv/bsd_auv_tr_sim_v0_3_ws/build/ctrl_tt_ad_ctrl_cpp_ros /local/vol00/home/vpetrov/dev/smlk_bsd_auv/bsd_auv_tr_sim_v0_3_ws/build/ctrl_tt_ad_ctrl_cpp_ros /local/vol00/home/vpetrov/dev/smlk_bsd_auv/bsd_auv_tr_sim_v0_3_ws/build/ctrl_tt_ad_ctrl_cpp_ros/CMakeFiles/roscpp_generate_messages_nodejs.dir/DependInfo.cmake --color=
make[2]: Entering directory '/local/vol00/home/vpetrov/dev/smlk_bsd_auv/bsd_auv_tr_sim_v0_3_ws/build/ctrl_tt_ad_ctrl_cpp_ros'
cd /local/vol00/home/vpetrov/dev/smlk_bsd_auv/bsd_auv_tr_sim_v0_3_ws/build/ctrl_tt_ad_ctrl_cpp_ros && /usr/bin/cmake -E cmake_depends "Unix Makefiles" /local/vol00/home/vpetrov/dev/smlk_bsd_auv/bsd_auv_tr_sim_v0_3_ws/src/ctrl_tt_ad_ctrl_cpp_ros /local/vol00/home/vpetrov/dev/smlk_bsd_auv/bsd_auv_tr_sim_v0_3_ws/src/ctrl_tt_ad_ctrl_cpp_ros /local/vol00/home/vpetrov/dev/smlk_bsd_auv/bsd_auv_tr_sim_v0_3_ws/build/ctrl_tt_ad_ctrl_cpp_ros /local/vol00/home/vpetrov/dev/smlk_bsd_auv/bsd_auv_tr_sim_v0_3_ws/build/ctrl_tt_ad_ctrl_cpp_ros /local/vol00/home/vpetrov/dev/smlk_bsd_auv/bsd_auv_tr_sim_v0_3_ws/build/ctrl_tt_ad_ctrl_cpp_ros/CMakeFiles/rosgraph_msgs_generate_messages_cpp.dir/DependInfo.cmake --color=
make[2]: Entering directory '/local/vol00/home/vpetrov/dev/smlk_bsd_auv/bsd_auv_tr_sim_v0_3_ws/build/ctrl_tt_ad_ctrl_cpp_ros'
cd /local/vol00/home/vpetrov/dev/smlk_bsd_auv/bsd_auv_tr_sim_v0_3_ws/build/ctrl_tt_ad_ctrl_cpp_ros && /usr/bin/cmake -E cmake_depends "Unix Makefiles" /local/vol00/home/vpetrov/dev/smlk_bsd_auv/bsd_auv_tr_sim_v0_3_ws/src/ctrl_tt_ad_ctrl_cpp_ros /local/vol00/home/vpetrov/dev/smlk_bsd_auv/bsd_auv_tr_sim_v0_3_ws/src/ctrl_tt_ad_ctrl_cpp_ros /local/vol00/home/vpetrov/dev/smlk_bsd_auv/bsd_auv_tr_sim_v0_3_ws/build/ctrl_tt_ad_ctrl_cpp_ros /local/vol00/home/vpetrov/dev/smlk_bsd_auv/bsd_auv_tr_sim_v0_3_ws/build/ctrl_tt_ad_ctrl_cpp_ros /local/vol00/home/vpetrov/dev/smlk_bsd_auv/bsd_auv_tr_sim_v0_3_ws/build/ctrl_tt_ad_ctrl_cpp_ros/CMakeFiles/rosgraph_msgs_generate_messages_eus.dir/DependInfo.cmake --color=
[  0%] Built target rosgraph_msgs_generate_messages_py
[  0%] Built target roscpp_generate_messages_py
[  0%] Built target roscpp_generate_messages_eus
[  0%] Built target roscpp_generate_messages_lisp
make[2]: Leaving directory '/local/vol00/home/vpetrov/dev/smlk_bsd_auv/bsd_auv_tr_sim_v0_3_ws/build/ctrl_tt_ad_ctrl_cpp_ros'
make[2]: Leaving directory '/local/vol00/home/vpetrov/dev/smlk_bsd_auv/bsd_auv_tr_sim_v0_3_ws/build/ctrl_tt_ad_ctrl_cpp_ros'
make[2]: Leaving directory '/local/vol00/home/vpetrov/dev/smlk_bsd_auv/bsd_auv_tr_sim_v0_3_ws/build/ctrl_tt_ad_ctrl_cpp_ros'
/usr/bin/make -f CMakeFiles/rosgraph_msgs_generate_messages_cpp.dir/build.make CMakeFiles/rosgraph_msgs_generate_messages_cpp.dir/build
/usr/bin/make -f CMakeFiles/std_msgs_generate_messages_eus.dir/build.make CMakeFiles/std_msgs_generate_messages_eus.dir/build
/usr/bin/make -f CMakeFiles/roscpp_generate_messages_nodejs.dir/build.make CMakeFiles/roscpp_generate_messages_nodejs.dir/build
make[2]: Entering directory '/local/vol00/home/vpetrov/dev/smlk_bsd_auv/bsd_auv_tr_sim_v0_3_ws/build/ctrl_tt_ad_ctrl_cpp_ros'
make[2]: Nothing to be done for 'CMakeFiles/rosgraph_msgs_generate_messages_cpp.dir/build'.
make[2]: Leaving directory '/local/vol00/home/vpetrov/dev/smlk_bsd_auv/bsd_auv_tr_sim_v0_3_ws/build/ctrl_tt_ad_ctrl_cpp_ros'
make[2]: Entering directory '/local/vol00/home/vpetrov/dev/smlk_bsd_auv/bsd_auv_tr_sim_v0_3_ws/build/ctrl_tt_ad_ctrl_cpp_ros'
make[2]: Nothing to be done for 'CMakeFiles/std_msgs_generate_messages_eus.dir/build'.
make[2]: Leaving directory '/local/vol00/home/vpetrov/dev/smlk_bsd_auv/bsd_auv_tr_sim_v0_3_ws/build/ctrl_tt_ad_ctrl_cpp_ros'
make[2]: Entering directory '/local/vol00/home/vpetrov/dev/smlk_bsd_auv/bsd_auv_tr_sim_v0_3_ws/build/ctrl_tt_ad_ctrl_cpp_ros'
make[2]: Nothing to be done for 'CMakeFiles/roscpp_generate_messages_nodejs.dir/build'.
make[2]: Leaving directory '/local/vol00/home/vpetrov/dev/smlk_bsd_auv/bsd_auv_tr_sim_v0_3_ws/build/ctrl_tt_ad_ctrl_cpp_ros'
make[2]: Leaving directory '/local/vol00/home/vpetrov/dev/smlk_bsd_auv/bsd_auv_tr_sim_v0_3_ws/build/ctrl_tt_ad_ctrl_cpp_ros'
/usr/bin/make -f CMakeFiles/rosgraph_msgs_generate_messages_eus.dir/build.make CMakeFiles/rosgraph_msgs_generate_messages_eus.dir/build
make[2]: Entering directory '/local/vol00/home/vpetrov/dev/smlk_bsd_auv/bsd_auv_tr_sim_v0_3_ws/build/ctrl_tt_ad_ctrl_cpp_ros'
make[2]: Nothing to be done for 'CMakeFiles/rosgraph_msgs_generate_messages_eus.dir/build'.
make[2]: Leaving directory '/local/vol00/home/vpetrov/dev/smlk_bsd_auv/bsd_auv_tr_sim_v0_3_ws/build/ctrl_tt_ad_ctrl_cpp_ros'
[  0%] Built target rosgraph_msgs_generate_messages_cpp
[  0%] Built target roscpp_generate_messages_nodejs
[  0%] Built target std_msgs_generate_messages_eus
[  0%] Built target rosgraph_msgs_generate_messages_eus
/usr/bin/make -f CMakeFiles/ctrl_TT_ad_ctrl_cpp_ros.dir/build.make CMakeFiles/ctrl_TT_ad_ctrl_cpp_ros.dir/depend
make[2]: Entering directory '/local/vol00/home/vpetrov/dev/smlk_bsd_auv/bsd_auv_tr_sim_v0_3_ws/build/ctrl_tt_ad_ctrl_cpp_ros'
cd /local/vol00/home/vpetrov/dev/smlk_bsd_auv/bsd_auv_tr_sim_v0_3_ws/build/ctrl_tt_ad_ctrl_cpp_ros && /usr/bin/cmake -E cmake_depends "Unix Makefiles" /local/vol00/home/vpetrov/dev/smlk_bsd_auv/bsd_auv_tr_sim_v0_3_ws/src/ctrl_tt_ad_ctrl_cpp_ros /local/vol00/home/vpetrov/dev/smlk_bsd_auv/bsd_auv_tr_sim_v0_3_ws/src/ctrl_tt_ad_ctrl_cpp_ros /local/vol00/home/vpetrov/dev/smlk_bsd_auv/bsd_auv_tr_sim_v0_3_ws/build/ctrl_tt_ad_ctrl_cpp_ros /local/vol00/home/vpetrov/dev/smlk_bsd_auv/bsd_auv_tr_sim_v0_3_ws/build/ctrl_tt_ad_ctrl_cpp_ros /local/vol00/home/vpetrov/dev/smlk_bsd_auv/bsd_auv_tr_sim_v0_3_ws/build/ctrl_tt_ad_ctrl_cpp_ros/CMakeFiles/ctrl_TT_ad_ctrl_cpp_ros.dir/DependInfo.cmake --color=
make[2]: Leaving directory '/local/vol00/home/vpetrov/dev/smlk_bsd_auv/bsd_auv_tr_sim_v0_3_ws/build/ctrl_tt_ad_ctrl_cpp_ros'
/usr/bin/make -f CMakeFiles/ctrl_TT_ad_ctrl_cpp_ros.dir/build.make CMakeFiles/ctrl_TT_ad_ctrl_cpp_ros.dir/build
make[2]: Entering directory '/local/vol00/home/vpetrov/dev/smlk_bsd_auv/bsd_auv_tr_sim_v0_3_ws/build/ctrl_tt_ad_ctrl_cpp_ros'
make[2]: Nothing to be done for 'CMakeFiles/ctrl_TT_ad_ctrl_cpp_ros.dir/build'.
make[2]: Leaving directory '/local/vol00/home/vpetrov/dev/smlk_bsd_auv/bsd_auv_tr_sim_v0_3_ws/build/ctrl_tt_ad_ctrl_cpp_ros'
[100%] Built target ctrl_TT_ad_ctrl_cpp_ros
make[1]: Leaving directory '/local/vol00/home/vpetrov/dev/smlk_bsd_auv/bsd_auv_tr_sim_v0_3_ws/build/ctrl_tt_ad_ctrl_cpp_ros'
/usr/bin/cmake -E cmake_progress_start /local/vol00/home/vpetrov/dev/smlk_bsd_auv/bsd_auv_tr_sim_v0_3_ws/build/ctrl_tt_ad_ctrl_cpp_ros/CMakeFiles 0
