[01m[K/local/vol00/home/vpetrov/dev/smlk_bsd_auv/bsd_auv_tr_sim_v0_2/src/auv_imp/src/auv_imp.cpp:[m[K In member function ‘[01m[Kvoid AUVNode::command_callback(const ConstPtr&)[m[K’:
[01m[K/local/vol00/home/vpetrov/dev/smlk_bsd_auv/bsd_auv_tr_sim_v0_2/src/auv_imp/src/auv_imp.cpp:36:25:[m[K [01;31m[Kerror: [m[K‘[01m[Kconst struct avl_bsd_translator::CommandMsg_<std::allocator<void> >[m[K’ has no member named ‘[01m[KELEVATOR[m[K’
   36 |         elevator = msg->[01;31m[KELEVATOR[m[K;
      |                         [01;31m[K^~~~~~~~[m[K
[01m[K/local/vol00/home/vpetrov/dev/smlk_bsd_auv/bsd_auv_tr_sim_v0_2/src/auv_imp/src/auv_imp.cpp:37:23:[m[K [01;31m[Kerror: [m[K‘[01m[Kconst struct avl_bsd_translator::CommandMsg_<std::allocator<void> >[m[K’ has no member named ‘[01m[KRUDDER[m[K’
   37 |         rudder = msg->[01;31m[KRUDDER[m[K;
      |                       [01;31m[K^~~~~~[m[K
[01m[K/local/vol00/home/vpetrov/dev/smlk_bsd_auv/bsd_auv_tr_sim_v0_2/src/auv_imp/src/auv_imp.cpp:38:20:[m[K [01;31m[Kerror: [m[K‘[01m[Kconst struct avl_bsd_translator::CommandMsg_<std::allocator<void> >[m[K’ has no member named ‘[01m[KRPM[m[K’
   38 |         rpm = msg->[01;31m[KRPM[m[K;
      |                    [01;31m[K^~~[m[K
[01m[K/local/vol00/home/vpetrov/dev/smlk_bsd_auv/bsd_auv_tr_sim_v0_2/src/auv_imp/src/auv_imp.cpp:[m[K In member function ‘[01m[Kvoid AUVNode::action_callback(const ConstPtr&)[m[K’:
[01m[K/local/vol00/home/vpetrov/dev/smlk_bsd_auv/bsd_auv_tr_sim_v0_2/src/auv_imp/src/auv_imp.cpp:42:33:[m[K [01;31m[Kerror: [m[Kcannot convert ‘[01m[Kconst value_type[m[K’ {aka ‘[01m[Kconst std::__cxx11::basic_string<char>[m[K’} to ‘[01m[Kdouble[m[K’ in assignment
   42 |         elevator = msg->VALUES[1[01;31m[K][m[K;
      |                                 [01;31m[K^[m[K
[01m[K/local/vol00/home/vpetrov/dev/smlk_bsd_auv/bsd_auv_tr_sim_v0_2/src/auv_imp/src/auv_imp.cpp:43:31:[m[K [01;31m[Kerror: [m[Kcannot convert ‘[01m[Kconst value_type[m[K’ {aka ‘[01m[Kconst std::__cxx11::basic_string<char>[m[K’} to ‘[01m[Kdouble[m[K’ in assignment
   43 |         rudder = msg->VALUES[2[01;31m[K][m[K;
      |                               [01;31m[K^[m[K
[01m[K/local/vol00/home/vpetrov/dev/smlk_bsd_auv/bsd_auv_tr_sim_v0_2/src/auv_imp/src/auv_imp.cpp:44:28:[m[K [01;31m[Kerror: [m[Kcannot convert ‘[01m[Kconst value_type[m[K’ {aka ‘[01m[Kconst std::__cxx11::basic_string<char>[m[K’} to ‘[01m[Kdouble[m[K’ in assignment
   44 |         rpm = msg->VALUES[3[01;31m[K][m[K;
      |                            [01;31m[K^[m[K
make[2]: *** [CMakeFiles/auv_imp.dir/build.make:63: CMakeFiles/auv_imp.dir/src/auv_imp.cpp.o] Error 1
make[1]: *** [CMakeFiles/Makefile2:189: CMakeFiles/auv_imp.dir/all] Error 2
make: *** [Makefile:141: all] Error 2
