[  0%] Built target geometry_msgs_generate_messages_py
[  0%] Built target geometry_msgs_generate_messages_nodejs
[  0%] Built target geometry_msgs_generate_messages_eus
[  0%] Built target geometry_msgs_generate_messages_cpp
[  0%] Built target roscpp_generate_messages_cpp
[  0%] Built target roscpp_generate_messages_eus
[  0%] Built target rosgraph_msgs_generate_messages_py
[  0%] Built target avl_bsd_translator_generate_messages_lisp
[  0%] Built target avl_bsd_translator_generate_messages_cpp
[  0%] Built target avl_bsd_translator_generate_messages_py
[  0%] Built target std_msgs_generate_messages_lisp
[  0%] Built target avl_bsd_translator_generate_messages_nodejs
[  0%] Built target roscpp_generate_messages_nodejs
[  0%] Built target rosgraph_msgs_generate_messages_nodejs
[  0%] Built target std_msgs_generate_messages_eus
[  0%] Built target roscpp_generate_messages_lisp
[  0%] Built target rosgraph_msgs_generate_messages_cpp
[  0%] Built target geometry_msgs_generate_messages_lisp
[  0%] Built target roscpp_generate_messages_py
[  0%] Built target rosgraph_msgs_generate_messages_eus
[  0%] Built target std_msgs_generate_messages_nodejs
[  0%] Built target avl_bsd_translator_generate_messages_eus
[  0%] Built target std_msgs_generate_messages_cpp
[  0%] Built target rosgraph_msgs_generate_messages_lisp
[  0%] Built target std_msgs_generate_messages_py
[35m[1mScanning dependencies of target auv_imp[0m
[ 50%] [32mBuilding CXX object CMakeFiles/auv_imp.dir/src/auv_imp.cpp.o[0m
[100%] [32m[1mLinking CXX executable /local/vol00/home/vpetrov/dev/smlk_bsd_auv/bsd_auv_tr_sim_v0_2/devel/.private/auv_imp/lib/auv_imp/auv_imp[0m
[100%] Built target auv_imp
