/usr/bin/cmake -S/local/vol00/home/vpetrov/dev/smlk_bsd_auv/bsd_auv_tr_sim_v0_3_ws/src/ctrl_tt_ad_ctrl_cpp_ros_feedback_1 -B/local/vol00/home/vpetrov/dev/smlk_bsd_auv/bsd_auv_tr_sim_v0_3_ws/build/ctrl_tt_ad_ctrl_cpp_ros_feedback_1 --check-build-system CMakeFiles/Makefile.cmake 0
/usr/bin/cmake -E cmake_progress_start /local/vol00/home/vpetrov/dev/smlk_bsd_auv/bsd_auv_tr_sim_v0_3_ws/build/ctrl_tt_ad_ctrl_cpp_ros_feedback_1/CMakeFiles /local/vol00/home/vpetrov/dev/smlk_bsd_auv/bsd_auv_tr_sim_v0_3_ws/build/ctrl_tt_ad_ctrl_cpp_ros_feedback_1/CMakeFiles/progress.marks
/usr/bin/make -f CMakeFiles/Makefile2 all
make[1]: Entering directory '/local/vol00/home/vpetrov/dev/smlk_bsd_auv/bsd_auv_tr_sim_v0_3_ws/build/ctrl_tt_ad_ctrl_cpp_ros_feedback_1'
/usr/bin/make -f CMakeFiles/rosgraph_msgs_generate_messages_lisp.dir/build.make CMakeFiles/rosgraph_msgs_generate_messages_lisp.dir/depend
/usr/bin/make -f CMakeFiles/std_msgs_generate_messages_py.dir/build.make CMakeFiles/std_msgs_generate_messages_py.dir/depend
/usr/bin/make -f CMakeFiles/std_msgs_generate_messages_nodejs.dir/build.make CMakeFiles/std_msgs_generate_messages_nodejs.dir/depend
/usr/bin/make -f CMakeFiles/std_msgs_generate_messages_cpp.dir/build.make CMakeFiles/std_msgs_generate_messages_cpp.dir/depend
/usr/bin/make -f CMakeFiles/rosgraph_msgs_generate_messages_nodejs.dir/build.make CMakeFiles/rosgraph_msgs_generate_messages_nodejs.dir/depend
/usr/bin/make -f CMakeFiles/std_msgs_generate_messages_lisp.dir/build.make CMakeFiles/std_msgs_generate_messages_lisp.dir/depend
make[2]: Entering directory '/local/vol00/home/vpetrov/dev/smlk_bsd_auv/bsd_auv_tr_sim_v0_3_ws/build/ctrl_tt_ad_ctrl_cpp_ros_feedback_1'
cd /local/vol00/home/vpetrov/dev/smlk_bsd_auv/bsd_auv_tr_sim_v0_3_ws/build/ctrl_tt_ad_ctrl_cpp_ros_feedback_1 && /usr/bin/cmake -E cmake_depends "Unix Makefiles" /local/vol00/home/vpetrov/dev/smlk_bsd_auv/bsd_auv_tr_sim_v0_3_ws/src/ctrl_tt_ad_ctrl_cpp_ros_feedback_1 /local/vol00/home/vpetrov/dev/smlk_bsd_auv/bsd_auv_tr_sim_v0_3_ws/src/ctrl_tt_ad_ctrl_cpp_ros_feedback_1 /local/vol00/home/vpetrov/dev/smlk_bsd_auv/bsd_auv_tr_sim_v0_3_ws/build/ctrl_tt_ad_ctrl_cpp_ros_feedback_1 /local/vol00/home/vpetrov/dev/smlk_bsd_auv/bsd_auv_tr_sim_v0_3_ws/build/ctrl_tt_ad_ctrl_cpp_ros_feedback_1 /local/vol00/home/vpetrov/dev/smlk_bsd_auv/bsd_auv_tr_sim_v0_3_ws/build/ctrl_tt_ad_ctrl_cpp_ros_feedback_1/CMakeFiles/rosgraph_msgs_generate_messages_lisp.dir/DependInfo.cmake --color=
/usr/bin/make -f CMakeFiles/roscpp_generate_messages_py.dir/build.make CMakeFiles/roscpp_generate_messages_py.dir/depend
/usr/bin/make -f CMakeFiles/roscpp_generate_messages_cpp.dir/build.make CMakeFiles/roscpp_generate_messages_cpp.dir/depend
make[2]: Entering directory '/local/vol00/home/vpetrov/dev/smlk_bsd_auv/bsd_auv_tr_sim_v0_3_ws/build/ctrl_tt_ad_ctrl_cpp_ros_feedback_1'
cd /local/vol00/home/vpetrov/dev/smlk_bsd_auv/bsd_auv_tr_sim_v0_3_ws/build/ctrl_tt_ad_ctrl_cpp_ros_feedback_1 && /usr/bin/cmake -E cmake_depends "Unix Makefiles" /local/vol00/home/vpetrov/dev/smlk_bsd_auv/bsd_auv_tr_sim_v0_3_ws/src/ctrl_tt_ad_ctrl_cpp_ros_feedback_1 /local/vol00/home/vpetrov/dev/smlk_bsd_auv/bsd_auv_tr_sim_v0_3_ws/src/ctrl_tt_ad_ctrl_cpp_ros_feedback_1 /local/vol00/home/vpetrov/dev/smlk_bsd_auv/bsd_auv_tr_sim_v0_3_ws/build/ctrl_tt_ad_ctrl_cpp_ros_feedback_1 /local/vol00/home/vpetrov/dev/smlk_bsd_auv/bsd_auv_tr_sim_v0_3_ws/build/ctrl_tt_ad_ctrl_cpp_ros_feedback_1 /local/vol00/home/vpetrov/dev/smlk_bsd_auv/bsd_auv_tr_sim_v0_3_ws/build/ctrl_tt_ad_ctrl_cpp_ros_feedback_1/CMakeFiles/std_msgs_generate_messages_py.dir/DependInfo.cmake --color=
/usr/bin/make -f CMakeFiles/roscpp_generate_messages_eus.dir/build.make CMakeFiles/roscpp_generate_messages_eus.dir/depend
make[2]: Entering directory '/local/vol00/home/vpetrov/dev/smlk_bsd_auv/bsd_auv_tr_sim_v0_3_ws/build/ctrl_tt_ad_ctrl_cpp_ros_feedback_1'
cd /local/vol00/home/vpetrov/dev/smlk_bsd_auv/bsd_auv_tr_sim_v0_3_ws/build/ctrl_tt_ad_ctrl_cpp_ros_feedback_1 && /usr/bin/cmake -E cmake_depends "Unix Makefiles" /local/vol00/home/vpetrov/dev/smlk_bsd_auv/bsd_auv_tr_sim_v0_3_ws/src/ctrl_tt_ad_ctrl_cpp_ros_feedback_1 /local/vol00/home/vpetrov/dev/smlk_bsd_auv/bsd_auv_tr_sim_v0_3_ws/src/ctrl_tt_ad_ctrl_cpp_ros_feedback_1 /local/vol00/home/vpetrov/dev/smlk_bsd_auv/bsd_auv_tr_sim_v0_3_ws/build/ctrl_tt_ad_ctrl_cpp_ros_feedback_1 /local/vol00/home/vpetrov/dev/smlk_bsd_auv/bsd_auv_tr_sim_v0_3_ws/build/ctrl_tt_ad_ctrl_cpp_ros_feedback_1 /local/vol00/home/vpetrov/dev/smlk_bsd_auv/bsd_auv_tr_sim_v0_3_ws/build/ctrl_tt_ad_ctrl_cpp_ros_feedback_1/CMakeFiles/std_msgs_generate_messages_nodejs.dir/DependInfo.cmake --color=
/usr/bin/make -f CMakeFiles/rosgraph_msgs_generate_messages_py.dir/build.make CMakeFiles/rosgraph_msgs_generate_messages_py.dir/depend
/usr/bin/make -f CMakeFiles/roscpp_generate_messages_lisp.dir/build.make CMakeFiles/roscpp_generate_messages_lisp.dir/depend
make[2]: Entering directory '/local/vol00/home/vpetrov/dev/smlk_bsd_auv/bsd_auv_tr_sim_v0_3_ws/build/ctrl_tt_ad_ctrl_cpp_ros_feedback_1'
cd /local/vol00/home/vpetrov/dev/smlk_bsd_auv/bsd_auv_tr_sim_v0_3_ws/build/ctrl_tt_ad_ctrl_cpp_ros_feedback_1 && /usr/bin/cmake -E cmake_depends "Unix Makefiles" /local/vol00/home/vpetrov/dev/smlk_bsd_auv/bsd_auv_tr_sim_v0_3_ws/src/ctrl_tt_ad_ctrl_cpp_ros_feedback_1 /local/vol00/home/vpetrov/dev/smlk_bsd_auv/bsd_auv_tr_sim_v0_3_ws/src/ctrl_tt_ad_ctrl_cpp_ros_feedback_1 /local/vol00/home/vpetrov/dev/smlk_bsd_auv/bsd_auv_tr_sim_v0_3_ws/build/ctrl_tt_ad_ctrl_cpp_ros_feedback_1 /local/vol00/home/vpetrov/dev/smlk_bsd_auv/bsd_auv_tr_sim_v0_3_ws/build/ctrl_tt_ad_ctrl_cpp_ros_feedback_1 /local/vol00/home/vpetrov/dev/smlk_bsd_auv/bsd_auv_tr_sim_v0_3_ws/build/ctrl_tt_ad_ctrl_cpp_ros_feedback_1/CMakeFiles/std_msgs_generate_messages_cpp.dir/DependInfo.cmake --color=
/usr/bin/make -f CMakeFiles/std_msgs_generate_messages_eus.dir/build.make CMakeFiles/std_msgs_generate_messages_eus.dir/depend
make[2]: Entering directory '/local/vol00/home/vpetrov/dev/smlk_bsd_auv/bsd_auv_tr_sim_v0_3_ws/build/ctrl_tt_ad_ctrl_cpp_ros_feedback_1'
cd /local/vol00/home/vpetrov/dev/smlk_bsd_auv/bsd_auv_tr_sim_v0_3_ws/build/ctrl_tt_ad_ctrl_cpp_ros_feedback_1 && /usr/bin/cmake -E cmake_depends "Unix Makefiles" /local/vol00/home/vpetrov/dev/smlk_bsd_auv/bsd_auv_tr_sim_v0_3_ws/src/ctrl_tt_ad_ctrl_cpp_ros_feedback_1 /local/vol00/home/vpetrov/dev/smlk_bsd_auv/bsd_auv_tr_sim_v0_3_ws/src/ctrl_tt_ad_ctrl_cpp_ros_feedback_1 /local/vol00/home/vpetrov/dev/smlk_bsd_auv/bsd_auv_tr_sim_v0_3_ws/build/ctrl_tt_ad_ctrl_cpp_ros_feedback_1 /local/vol00/home/vpetrov/dev/smlk_bsd_auv/bsd_auv_tr_sim_v0_3_ws/build/ctrl_tt_ad_ctrl_cpp_ros_feedback_1 /local/vol00/home/vpetrov/dev/smlk_bsd_auv/bsd_auv_tr_sim_v0_3_ws/build/ctrl_tt_ad_ctrl_cpp_ros_feedback_1/CMakeFiles/rosgraph_msgs_generate_messages_nodejs.dir/DependInfo.cmake --color=
make[2]: Entering directory '/local/vol00/home/vpetrov/dev/smlk_bsd_auv/bsd_auv_tr_sim_v0_3_ws/build/ctrl_tt_ad_ctrl_cpp_ros_feedback_1'
cd /local/vol00/home/vpetrov/dev/smlk_bsd_auv/bsd_auv_tr_sim_v0_3_ws/build/ctrl_tt_ad_ctrl_cpp_ros_feedback_1 && /usr/bin/cmake -E cmake_depends "Unix Makefiles" /local/vol00/home/vpetrov/dev/smlk_bsd_auv/bsd_auv_tr_sim_v0_3_ws/src/ctrl_tt_ad_ctrl_cpp_ros_feedback_1 /local/vol00/home/vpetrov/dev/smlk_bsd_auv/bsd_auv_tr_sim_v0_3_ws/src/ctrl_tt_ad_ctrl_cpp_ros_feedback_1 /local/vol00/home/vpetrov/dev/smlk_bsd_auv/bsd_auv_tr_sim_v0_3_ws/build/ctrl_tt_ad_ctrl_cpp_ros_feedback_1 /local/vol00/home/vpetrov/dev/smlk_bsd_auv/bsd_auv_tr_sim_v0_3_ws/build/ctrl_tt_ad_ctrl_cpp_ros_feedback_1 /local/vol00/home/vpetrov/dev/smlk_bsd_auv/bsd_auv_tr_sim_v0_3_ws/build/ctrl_tt_ad_ctrl_cpp_ros_feedback_1/CMakeFiles/std_msgs_generate_messages_lisp.dir/DependInfo.cmake --color=
make[2]: Entering directory '/local/vol00/home/vpetrov/dev/smlk_bsd_auv/bsd_auv_tr_sim_v0_3_ws/build/ctrl_tt_ad_ctrl_cpp_ros_feedback_1'
cd /local/vol00/home/vpetrov/dev/smlk_bsd_auv/bsd_auv_tr_sim_v0_3_ws/build/ctrl_tt_ad_ctrl_cpp_ros_feedback_1 && /usr/bin/cmake -E cmake_depends "Unix Makefiles" /local/vol00/home/vpetrov/dev/smlk_bsd_auv/bsd_auv_tr_sim_v0_3_ws/src/ctrl_tt_ad_ctrl_cpp_ros_feedback_1 /local/vol00/home/vpetrov/dev/smlk_bsd_auv/bsd_auv_tr_sim_v0_3_ws/src/ctrl_tt_ad_ctrl_cpp_ros_feedback_1 /local/vol00/home/vpetrov/dev/smlk_bsd_auv/bsd_auv_tr_sim_v0_3_ws/build/ctrl_tt_ad_ctrl_cpp_ros_feedback_1 /local/vol00/home/vpetrov/dev/smlk_bsd_auv/bsd_auv_tr_sim_v0_3_ws/build/ctrl_tt_ad_ctrl_cpp_ros_feedback_1 /local/vol00/home/vpetrov/dev/smlk_bsd_auv/bsd_auv_tr_sim_v0_3_ws/build/ctrl_tt_ad_ctrl_cpp_ros_feedback_1/CMakeFiles/roscpp_generate_messages_py.dir/DependInfo.cmake --color=
make[2]: Entering directory '/local/vol00/home/vpetrov/dev/smlk_bsd_auv/bsd_auv_tr_sim_v0_3_ws/build/ctrl_tt_ad_ctrl_cpp_ros_feedback_1'
cd /local/vol00/home/vpetrov/dev/smlk_bsd_auv/bsd_auv_tr_sim_v0_3_ws/build/ctrl_tt_ad_ctrl_cpp_ros_feedback_1 && /usr/bin/cmake -E cmake_depends "Unix Makefiles" /local/vol00/home/vpetrov/dev/smlk_bsd_auv/bsd_auv_tr_sim_v0_3_ws/src/ctrl_tt_ad_ctrl_cpp_ros_feedback_1 /local/vol00/home/vpetrov/dev/smlk_bsd_auv/bsd_auv_tr_sim_v0_3_ws/src/ctrl_tt_ad_ctrl_cpp_ros_feedback_1 /local/vol00/home/vpetrov/dev/smlk_bsd_auv/bsd_auv_tr_sim_v0_3_ws/build/ctrl_tt_ad_ctrl_cpp_ros_feedback_1 /local/vol00/home/vpetrov/dev/smlk_bsd_auv/bsd_auv_tr_sim_v0_3_ws/build/ctrl_tt_ad_ctrl_cpp_ros_feedback_1 /local/vol00/home/vpetrov/dev/smlk_bsd_auv/bsd_auv_tr_sim_v0_3_ws/build/ctrl_tt_ad_ctrl_cpp_ros_feedback_1/CMakeFiles/roscpp_generate_messages_cpp.dir/DependInfo.cmake --color=
make[2]: Entering directory '/local/vol00/home/vpetrov/dev/smlk_bsd_auv/bsd_auv_tr_sim_v0_3_ws/build/ctrl_tt_ad_ctrl_cpp_ros_feedback_1'
cd /local/vol00/home/vpetrov/dev/smlk_bsd_auv/bsd_auv_tr_sim_v0_3_ws/build/ctrl_tt_ad_ctrl_cpp_ros_feedback_1 && /usr/bin/cmake -E cmake_depends "Unix Makefiles" /local/vol00/home/vpetrov/dev/smlk_bsd_auv/bsd_auv_tr_sim_v0_3_ws/src/ctrl_tt_ad_ctrl_cpp_ros_feedback_1 /local/vol00/home/vpetrov/dev/smlk_bsd_auv/bsd_auv_tr_sim_v0_3_ws/src/ctrl_tt_ad_ctrl_cpp_ros_feedback_1 /local/vol00/home/vpetrov/dev/smlk_bsd_auv/bsd_auv_tr_sim_v0_3_ws/build/ctrl_tt_ad_ctrl_cpp_ros_feedback_1 /local/vol00/home/vpetrov/dev/smlk_bsd_auv/bsd_auv_tr_sim_v0_3_ws/build/ctrl_tt_ad_ctrl_cpp_ros_feedback_1 /local/vol00/home/vpetrov/dev/smlk_bsd_auv/bsd_auv_tr_sim_v0_3_ws/build/ctrl_tt_ad_ctrl_cpp_ros_feedback_1/CMakeFiles/roscpp_generate_messages_eus.dir/DependInfo.cmake --color=
make[2]: Entering directory '/local/vol00/home/vpetrov/dev/smlk_bsd_auv/bsd_auv_tr_sim_v0_3_ws/build/ctrl_tt_ad_ctrl_cpp_ros_feedback_1'
cd /local/vol00/home/vpetrov/dev/smlk_bsd_auv/bsd_auv_tr_sim_v0_3_ws/build/ctrl_tt_ad_ctrl_cpp_ros_feedback_1 && /usr/bin/cmake -E cmake_depends "Unix Makefiles" /local/vol00/home/vpetrov/dev/smlk_bsd_auv/bsd_auv_tr_sim_v0_3_ws/src/ctrl_tt_ad_ctrl_cpp_ros_feedback_1 /local/vol00/home/vpetrov/dev/smlk_bsd_auv/bsd_auv_tr_sim_v0_3_ws/src/ctrl_tt_ad_ctrl_cpp_ros_feedback_1 /local/vol00/home/vpetrov/dev/smlk_bsd_auv/bsd_auv_tr_sim_v0_3_ws/build/ctrl_tt_ad_ctrl_cpp_ros_feedback_1 /local/vol00/home/vpetrov/dev/smlk_bsd_auv/bsd_auv_tr_sim_v0_3_ws/build/ctrl_tt_ad_ctrl_cpp_ros_feedback_1 /local/vol00/home/vpetrov/dev/smlk_bsd_auv/bsd_auv_tr_sim_v0_3_ws/build/ctrl_tt_ad_ctrl_cpp_ros_feedback_1/CMakeFiles/roscpp_generate_messages_lisp.dir/DependInfo.cmake --color=
make[2]: Entering directory '/local/vol00/home/vpetrov/dev/smlk_bsd_auv/bsd_auv_tr_sim_v0_3_ws/build/ctrl_tt_ad_ctrl_cpp_ros_feedback_1'
cd /local/vol00/home/vpetrov/dev/smlk_bsd_auv/bsd_auv_tr_sim_v0_3_ws/build/ctrl_tt_ad_ctrl_cpp_ros_feedback_1 && /usr/bin/cmake -E cmake_depends "Unix Makefiles" /local/vol00/home/vpetrov/dev/smlk_bsd_auv/bsd_auv_tr_sim_v0_3_ws/src/ctrl_tt_ad_ctrl_cpp_ros_feedback_1 /local/vol00/home/vpetrov/dev/smlk_bsd_auv/bsd_auv_tr_sim_v0_3_ws/src/ctrl_tt_ad_ctrl_cpp_ros_feedback_1 /local/vol00/home/vpetrov/dev/smlk_bsd_auv/bsd_auv_tr_sim_v0_3_ws/build/ctrl_tt_ad_ctrl_cpp_ros_feedback_1 /local/vol00/home/vpetrov/dev/smlk_bsd_auv/bsd_auv_tr_sim_v0_3_ws/build/ctrl_tt_ad_ctrl_cpp_ros_feedback_1 /local/vol00/home/vpetrov/dev/smlk_bsd_auv/bsd_auv_tr_sim_v0_3_ws/build/ctrl_tt_ad_ctrl_cpp_ros_feedback_1/CMakeFiles/rosgraph_msgs_generate_messages_py.dir/DependInfo.cmake --color=
make[2]: Entering directory '/local/vol00/home/vpetrov/dev/smlk_bsd_auv/bsd_auv_tr_sim_v0_3_ws/build/ctrl_tt_ad_ctrl_cpp_ros_feedback_1'
cd /local/vol00/home/vpetrov/dev/smlk_bsd_auv/bsd_auv_tr_sim_v0_3_ws/build/ctrl_tt_ad_ctrl_cpp_ros_feedback_1 && /usr/bin/cmake -E cmake_depends "Unix Makefiles" /local/vol00/home/vpetrov/dev/smlk_bsd_auv/bsd_auv_tr_sim_v0_3_ws/src/ctrl_tt_ad_ctrl_cpp_ros_feedback_1 /local/vol00/home/vpetrov/dev/smlk_bsd_auv/bsd_auv_tr_sim_v0_3_ws/src/ctrl_tt_ad_ctrl_cpp_ros_feedback_1 /local/vol00/home/vpetrov/dev/smlk_bsd_auv/bsd_auv_tr_sim_v0_3_ws/build/ctrl_tt_ad_ctrl_cpp_ros_feedback_1 /local/vol00/home/vpetrov/dev/smlk_bsd_auv/bsd_auv_tr_sim_v0_3_ws/build/ctrl_tt_ad_ctrl_cpp_ros_feedback_1 /local/vol00/home/vpetrov/dev/smlk_bsd_auv/bsd_auv_tr_sim_v0_3_ws/build/ctrl_tt_ad_ctrl_cpp_ros_feedback_1/CMakeFiles/std_msgs_generate_messages_eus.dir/DependInfo.cmake --color=
[35m[1mScanning dependencies of target std_msgs_generate_messages_nodejs[0m
[35m[1mScanning dependencies of target rosgraph_msgs_generate_messages_lisp[0m
[35m[1mScanning dependencies of target std_msgs_generate_messages_py[0m
make[2]: Leaving directory '/local/vol00/home/vpetrov/dev/smlk_bsd_auv/bsd_auv_tr_sim_v0_3_ws/build/ctrl_tt_ad_ctrl_cpp_ros_feedback_1'
/usr/bin/make -f CMakeFiles/std_msgs_generate_messages_nodejs.dir/build.make CMakeFiles/std_msgs_generate_messages_nodejs.dir/build
[35m[1mScanning dependencies of target rosgraph_msgs_generate_messages_nodejs[0m
[35m[1mScanning dependencies of target std_msgs_generate_messages_lisp[0m
[35m[1mScanning dependencies of target roscpp_generate_messages_eus[0m
[35m[1mScanning dependencies of target roscpp_generate_messages_py[0m
make[2]: Leaving directory '/local/vol00/home/vpetrov/dev/smlk_bsd_auv/bsd_auv_tr_sim_v0_3_ws/build/ctrl_tt_ad_ctrl_cpp_ros_feedback_1'
make[2]: Leaving directory '/local/vol00/home/vpetrov/dev/smlk_bsd_auv/bsd_auv_tr_sim_v0_3_ws/build/ctrl_tt_ad_ctrl_cpp_ros_feedback_1'
/usr/bin/make -f CMakeFiles/rosgraph_msgs_generate_messages_lisp.dir/build.make CMakeFiles/rosgraph_msgs_generate_messages_lisp.dir/build
[35m[1mScanning dependencies of target rosgraph_msgs_generate_messages_py[0m
make[2]: Entering directory '/local/vol00/home/vpetrov/dev/smlk_bsd_auv/bsd_auv_tr_sim_v0_3_ws/build/ctrl_tt_ad_ctrl_cpp_ros_feedback_1'
make[2]: Nothing to be done for 'CMakeFiles/std_msgs_generate_messages_nodejs.dir/build'.
make[2]: Leaving directory '/local/vol00/home/vpetrov/dev/smlk_bsd_auv/bsd_auv_tr_sim_v0_3_ws/build/ctrl_tt_ad_ctrl_cpp_ros_feedback_1'
/usr/bin/make -f CMakeFiles/std_msgs_generate_messages_py.dir/build.make CMakeFiles/std_msgs_generate_messages_py.dir/build
make[2]: Leaving directory '/local/vol00/home/vpetrov/dev/smlk_bsd_auv/bsd_auv_tr_sim_v0_3_ws/build/ctrl_tt_ad_ctrl_cpp_ros_feedback_1'
[35m[1mScanning dependencies of target roscpp_generate_messages_cpp[0m
/usr/bin/make -f CMakeFiles/rosgraph_msgs_generate_messages_nodejs.dir/build.make CMakeFiles/rosgraph_msgs_generate_messages_nodejs.dir/build
make[2]: Leaving directory '/local/vol00/home/vpetrov/dev/smlk_bsd_auv/bsd_auv_tr_sim_v0_3_ws/build/ctrl_tt_ad_ctrl_cpp_ros_feedback_1'
/usr/bin/make -f CMakeFiles/roscpp_generate_messages_eus.dir/build.make CMakeFiles/roscpp_generate_messages_eus.dir/build
make[2]: Leaving directory '/local/vol00/home/vpetrov/dev/smlk_bsd_auv/bsd_auv_tr_sim_v0_3_ws/build/ctrl_tt_ad_ctrl_cpp_ros_feedback_1'
make[2]: Leaving directory '/local/vol00/home/vpetrov/dev/smlk_bsd_auv/bsd_auv_tr_sim_v0_3_ws/build/ctrl_tt_ad_ctrl_cpp_ros_feedback_1'
/usr/bin/make -f CMakeFiles/std_msgs_generate_messages_lisp.dir/build.make CMakeFiles/std_msgs_generate_messages_lisp.dir/build
make[2]: Entering directory '/local/vol00/home/vpetrov/dev/smlk_bsd_auv/bsd_auv_tr_sim_v0_3_ws/build/ctrl_tt_ad_ctrl_cpp_ros_feedback_1'
make[2]: Nothing to be done for 'CMakeFiles/rosgraph_msgs_generate_messages_lisp.dir/build'.
make[2]: Leaving directory '/local/vol00/home/vpetrov/dev/smlk_bsd_auv/bsd_auv_tr_sim_v0_3_ws/build/ctrl_tt_ad_ctrl_cpp_ros_feedback_1'
/usr/bin/make -f CMakeFiles/roscpp_generate_messages_py.dir/build.make CMakeFiles/roscpp_generate_messages_py.dir/build
make[2]: Leaving directory '/local/vol00/home/vpetrov/dev/smlk_bsd_auv/bsd_auv_tr_sim_v0_3_ws/build/ctrl_tt_ad_ctrl_cpp_ros_feedback_1'
make[2]: Entering directory '/local/vol00/home/vpetrov/dev/smlk_bsd_auv/bsd_auv_tr_sim_v0_3_ws/build/ctrl_tt_ad_ctrl_cpp_ros_feedback_1'
make[2]: Nothing to be done for 'CMakeFiles/std_msgs_generate_messages_py.dir/build'.
make[2]: Leaving directory '/local/vol00/home/vpetrov/dev/smlk_bsd_auv/bsd_auv_tr_sim_v0_3_ws/build/ctrl_tt_ad_ctrl_cpp_ros_feedback_1'
/usr/bin/make -f CMakeFiles/rosgraph_msgs_generate_messages_py.dir/build.make CMakeFiles/rosgraph_msgs_generate_messages_py.dir/build
make[2]: Entering directory '/local/vol00/home/vpetrov/dev/smlk_bsd_auv/bsd_auv_tr_sim_v0_3_ws/build/ctrl_tt_ad_ctrl_cpp_ros_feedback_1'
make[2]: Nothing to be done for 'CMakeFiles/rosgraph_msgs_generate_messages_nodejs.dir/build'.
make[2]: Leaving directory '/local/vol00/home/vpetrov/dev/smlk_bsd_auv/bsd_auv_tr_sim_v0_3_ws/build/ctrl_tt_ad_ctrl_cpp_ros_feedback_1'
make[2]: Leaving directory '/local/vol00/home/vpetrov/dev/smlk_bsd_auv/bsd_auv_tr_sim_v0_3_ws/build/ctrl_tt_ad_ctrl_cpp_ros_feedback_1'
make[2]: Entering directory '/local/vol00/home/vpetrov/dev/smlk_bsd_auv/bsd_auv_tr_sim_v0_3_ws/build/ctrl_tt_ad_ctrl_cpp_ros_feedback_1'
make[2]: Nothing to be done for 'CMakeFiles/roscpp_generate_messages_eus.dir/build'.
make[2]: Leaving directory '/local/vol00/home/vpetrov/dev/smlk_bsd_auv/bsd_auv_tr_sim_v0_3_ws/build/ctrl_tt_ad_ctrl_cpp_ros_feedback_1'
/usr/bin/make -f CMakeFiles/roscpp_generate_messages_cpp.dir/build.make CMakeFiles/roscpp_generate_messages_cpp.dir/build
make[2]: Entering directory '/local/vol00/home/vpetrov/dev/smlk_bsd_auv/bsd_auv_tr_sim_v0_3_ws/build/ctrl_tt_ad_ctrl_cpp_ros_feedback_1'
make[2]: Nothing to be done for 'CMakeFiles/std_msgs_generate_messages_lisp.dir/build'.
make[2]: Leaving directory '/local/vol00/home/vpetrov/dev/smlk_bsd_auv/bsd_auv_tr_sim_v0_3_ws/build/ctrl_tt_ad_ctrl_cpp_ros_feedback_1'
make[2]: Entering directory '/local/vol00/home/vpetrov/dev/smlk_bsd_auv/bsd_auv_tr_sim_v0_3_ws/build/ctrl_tt_ad_ctrl_cpp_ros_feedback_1'
make[2]: Nothing to be done for 'CMakeFiles/rosgraph_msgs_generate_messages_py.dir/build'.
make[2]: Leaving directory '/local/vol00/home/vpetrov/dev/smlk_bsd_auv/bsd_auv_tr_sim_v0_3_ws/build/ctrl_tt_ad_ctrl_cpp_ros_feedback_1'
make[2]: Entering directory '/local/vol00/home/vpetrov/dev/smlk_bsd_auv/bsd_auv_tr_sim_v0_3_ws/build/ctrl_tt_ad_ctrl_cpp_ros_feedback_1'
make[2]: Nothing to be done for 'CMakeFiles/roscpp_generate_messages_py.dir/build'.
make[2]: Leaving directory '/local/vol00/home/vpetrov/dev/smlk_bsd_auv/bsd_auv_tr_sim_v0_3_ws/build/ctrl_tt_ad_ctrl_cpp_ros_feedback_1'
make[2]: Entering directory '/local/vol00/home/vpetrov/dev/smlk_bsd_auv/bsd_auv_tr_sim_v0_3_ws/build/ctrl_tt_ad_ctrl_cpp_ros_feedback_1'
make[2]: Nothing to be done for 'CMakeFiles/roscpp_generate_messages_cpp.dir/build'.
make[2]: Leaving directory '/local/vol00/home/vpetrov/dev/smlk_bsd_auv/bsd_auv_tr_sim_v0_3_ws/build/ctrl_tt_ad_ctrl_cpp_ros_feedback_1'
[35m[1mScanning dependencies of target std_msgs_generate_messages_cpp[0m
make[2]: Leaving directory '/local/vol00/home/vpetrov/dev/smlk_bsd_auv/bsd_auv_tr_sim_v0_3_ws/build/ctrl_tt_ad_ctrl_cpp_ros_feedback_1'
[35m[1mScanning dependencies of target roscpp_generate_messages_lisp[0m
[35m[1mScanning dependencies of target std_msgs_generate_messages_eus[0m
make[2]: Leaving directory '/local/vol00/home/vpetrov/dev/smlk_bsd_auv/bsd_auv_tr_sim_v0_3_ws/build/ctrl_tt_ad_ctrl_cpp_ros_feedback_1'
make[2]: Leaving directory '/local/vol00/home/vpetrov/dev/smlk_bsd_auv/bsd_auv_tr_sim_v0_3_ws/build/ctrl_tt_ad_ctrl_cpp_ros_feedback_1'
/usr/bin/make -f CMakeFiles/std_msgs_generate_messages_cpp.dir/build.make CMakeFiles/std_msgs_generate_messages_cpp.dir/build
[  0%] Built target std_msgs_generate_messages_nodejs
/usr/bin/make -f CMakeFiles/roscpp_generate_messages_lisp.dir/build.make CMakeFiles/roscpp_generate_messages_lisp.dir/build
/usr/bin/make -f CMakeFiles/std_msgs_generate_messages_eus.dir/build.make CMakeFiles/std_msgs_generate_messages_eus.dir/build
/usr/bin/make -f CMakeFiles/roscpp_generate_messages_nodejs.dir/build.make CMakeFiles/roscpp_generate_messages_nodejs.dir/depend
[  0%] Built target rosgraph_msgs_generate_messages_lisp
make[2]: Entering directory '/local/vol00/home/vpetrov/dev/smlk_bsd_auv/bsd_auv_tr_sim_v0_3_ws/build/ctrl_tt_ad_ctrl_cpp_ros_feedback_1'
make[2]: Nothing to be done for 'CMakeFiles/roscpp_generate_messages_lisp.dir/build'.
make[2]: Entering directory '/local/vol00/home/vpetrov/dev/smlk_bsd_auv/bsd_auv_tr_sim_v0_3_ws/build/ctrl_tt_ad_ctrl_cpp_ros_feedback_1'
make[2]: Leaving directory '/local/vol00/home/vpetrov/dev/smlk_bsd_auv/bsd_auv_tr_sim_v0_3_ws/build/ctrl_tt_ad_ctrl_cpp_ros_feedback_1'
make[2]: Nothing to be done for 'CMakeFiles/std_msgs_generate_messages_cpp.dir/build'.
make[2]: Leaving directory '/local/vol00/home/vpetrov/dev/smlk_bsd_auv/bsd_auv_tr_sim_v0_3_ws/build/ctrl_tt_ad_ctrl_cpp_ros_feedback_1'
make[2]: Entering directory '/local/vol00/home/vpetrov/dev/smlk_bsd_auv/bsd_auv_tr_sim_v0_3_ws/build/ctrl_tt_ad_ctrl_cpp_ros_feedback_1'
make[2]: Nothing to be done for 'CMakeFiles/std_msgs_generate_messages_eus.dir/build'.
make[2]: Leaving directory '/local/vol00/home/vpetrov/dev/smlk_bsd_auv/bsd_auv_tr_sim_v0_3_ws/build/ctrl_tt_ad_ctrl_cpp_ros_feedback_1'
[  0%] Built target std_msgs_generate_messages_py
make[2]: Entering directory '/local/vol00/home/vpetrov/dev/smlk_bsd_auv/bsd_auv_tr_sim_v0_3_ws/build/ctrl_tt_ad_ctrl_cpp_ros_feedback_1'
cd /local/vol00/home/vpetrov/dev/smlk_bsd_auv/bsd_auv_tr_sim_v0_3_ws/build/ctrl_tt_ad_ctrl_cpp_ros_feedback_1 && /usr/bin/cmake -E cmake_depends "Unix Makefiles" /local/vol00/home/vpetrov/dev/smlk_bsd_auv/bsd_auv_tr_sim_v0_3_ws/src/ctrl_tt_ad_ctrl_cpp_ros_feedback_1 /local/vol00/home/vpetrov/dev/smlk_bsd_auv/bsd_auv_tr_sim_v0_3_ws/src/ctrl_tt_ad_ctrl_cpp_ros_feedback_1 /local/vol00/home/vpetrov/dev/smlk_bsd_auv/bsd_auv_tr_sim_v0_3_ws/build/ctrl_tt_ad_ctrl_cpp_ros_feedback_1 /local/vol00/home/vpetrov/dev/smlk_bsd_auv/bsd_auv_tr_sim_v0_3_ws/build/ctrl_tt_ad_ctrl_cpp_ros_feedback_1 /local/vol00/home/vpetrov/dev/smlk_bsd_auv/bsd_auv_tr_sim_v0_3_ws/build/ctrl_tt_ad_ctrl_cpp_ros_feedback_1/CMakeFiles/roscpp_generate_messages_nodejs.dir/DependInfo.cmake --color=
[  0%] Built target rosgraph_msgs_generate_messages_nodejs
[  0%] Built target roscpp_generate_messages_cpp
[  0%] Built target roscpp_generate_messages_eus
/usr/bin/make -f CMakeFiles/rosgraph_msgs_generate_messages_cpp.dir/build.make CMakeFiles/rosgraph_msgs_generate_messages_cpp.dir/depend
/usr/bin/make -f CMakeFiles/rosgraph_msgs_generate_messages_eus.dir/build.make CMakeFiles/rosgraph_msgs_generate_messages_eus.dir/depend
[  0%] Built target std_msgs_generate_messages_lisp
[  0%] Built target std_msgs_generate_messages_cpp
make[2]: Entering directory '/local/vol00/home/vpetrov/dev/smlk_bsd_auv/bsd_auv_tr_sim_v0_3_ws/build/ctrl_tt_ad_ctrl_cpp_ros_feedback_1'
cd /local/vol00/home/vpetrov/dev/smlk_bsd_auv/bsd_auv_tr_sim_v0_3_ws/build/ctrl_tt_ad_ctrl_cpp_ros_feedback_1 && /usr/bin/cmake -E cmake_depends "Unix Makefiles" /local/vol00/home/vpetrov/dev/smlk_bsd_auv/bsd_auv_tr_sim_v0_3_ws/src/ctrl_tt_ad_ctrl_cpp_ros_feedback_1 /local/vol00/home/vpetrov/dev/smlk_bsd_auv/bsd_auv_tr_sim_v0_3_ws/src/ctrl_tt_ad_ctrl_cpp_ros_feedback_1 /local/vol00/home/vpetrov/dev/smlk_bsd_auv/bsd_auv_tr_sim_v0_3_ws/build/ctrl_tt_ad_ctrl_cpp_ros_feedback_1 /local/vol00/home/vpetrov/dev/smlk_bsd_auv/bsd_auv_tr_sim_v0_3_ws/build/ctrl_tt_ad_ctrl_cpp_ros_feedback_1 /local/vol00/home/vpetrov/dev/smlk_bsd_auv/bsd_auv_tr_sim_v0_3_ws/build/ctrl_tt_ad_ctrl_cpp_ros_feedback_1/CMakeFiles/rosgraph_msgs_generate_messages_cpp.dir/DependInfo.cmake --color=
make[2]: Entering directory '/local/vol00/home/vpetrov/dev/smlk_bsd_auv/bsd_auv_tr_sim_v0_3_ws/build/ctrl_tt_ad_ctrl_cpp_ros_feedback_1'
cd /local/vol00/home/vpetrov/dev/smlk_bsd_auv/bsd_auv_tr_sim_v0_3_ws/build/ctrl_tt_ad_ctrl_cpp_ros_feedback_1 && /usr/bin/cmake -E cmake_depends "Unix Makefiles" /local/vol00/home/vpetrov/dev/smlk_bsd_auv/bsd_auv_tr_sim_v0_3_ws/src/ctrl_tt_ad_ctrl_cpp_ros_feedback_1 /local/vol00/home/vpetrov/dev/smlk_bsd_auv/bsd_auv_tr_sim_v0_3_ws/src/ctrl_tt_ad_ctrl_cpp_ros_feedback_1 /local/vol00/home/vpetrov/dev/smlk_bsd_auv/bsd_auv_tr_sim_v0_3_ws/build/ctrl_tt_ad_ctrl_cpp_ros_feedback_1 /local/vol00/home/vpetrov/dev/smlk_bsd_auv/bsd_auv_tr_sim_v0_3_ws/build/ctrl_tt_ad_ctrl_cpp_ros_feedback_1 /local/vol00/home/vpetrov/dev/smlk_bsd_auv/bsd_auv_tr_sim_v0_3_ws/build/ctrl_tt_ad_ctrl_cpp_ros_feedback_1/CMakeFiles/rosgraph_msgs_generate_messages_eus.dir/DependInfo.cmake --color=
[  0%] Built target roscpp_generate_messages_py
[  0%] Built target rosgraph_msgs_generate_messages_py
[  0%] Built target roscpp_generate_messages_lisp
[35m[1mScanning dependencies of target roscpp_generate_messages_nodejs[0m
make[2]: Leaving directory '/local/vol00/home/vpetrov/dev/smlk_bsd_auv/bsd_auv_tr_sim_v0_3_ws/build/ctrl_tt_ad_ctrl_cpp_ros_feedback_1'
/usr/bin/make -f CMakeFiles/roscpp_generate_messages_nodejs.dir/build.make CMakeFiles/roscpp_generate_messages_nodejs.dir/build
[  0%] Built target std_msgs_generate_messages_eus
make[2]: Entering directory '/local/vol00/home/vpetrov/dev/smlk_bsd_auv/bsd_auv_tr_sim_v0_3_ws/build/ctrl_tt_ad_ctrl_cpp_ros_feedback_1'
make[2]: Nothing to be done for 'CMakeFiles/roscpp_generate_messages_nodejs.dir/build'.
make[2]: Leaving directory '/local/vol00/home/vpetrov/dev/smlk_bsd_auv/bsd_auv_tr_sim_v0_3_ws/build/ctrl_tt_ad_ctrl_cpp_ros_feedback_1'
[35m[1mScanning dependencies of target rosgraph_msgs_generate_messages_cpp[0m
[35m[1mScanning dependencies of target rosgraph_msgs_generate_messages_eus[0m
make[2]: Leaving directory '/local/vol00/home/vpetrov/dev/smlk_bsd_auv/bsd_auv_tr_sim_v0_3_ws/build/ctrl_tt_ad_ctrl_cpp_ros_feedback_1'
/usr/bin/make -f CMakeFiles/rosgraph_msgs_generate_messages_cpp.dir/build.make CMakeFiles/rosgraph_msgs_generate_messages_cpp.dir/build
make[2]: Leaving directory '/local/vol00/home/vpetrov/dev/smlk_bsd_auv/bsd_auv_tr_sim_v0_3_ws/build/ctrl_tt_ad_ctrl_cpp_ros_feedback_1'
/usr/bin/make -f CMakeFiles/rosgraph_msgs_generate_messages_eus.dir/build.make CMakeFiles/rosgraph_msgs_generate_messages_eus.dir/build
make[2]: Entering directory '/local/vol00/home/vpetrov/dev/smlk_bsd_auv/bsd_auv_tr_sim_v0_3_ws/build/ctrl_tt_ad_ctrl_cpp_ros_feedback_1'
make[2]: Nothing to be done for 'CMakeFiles/rosgraph_msgs_generate_messages_cpp.dir/build'.
make[2]: Leaving directory '/local/vol00/home/vpetrov/dev/smlk_bsd_auv/bsd_auv_tr_sim_v0_3_ws/build/ctrl_tt_ad_ctrl_cpp_ros_feedback_1'
make[2]: Entering directory '/local/vol00/home/vpetrov/dev/smlk_bsd_auv/bsd_auv_tr_sim_v0_3_ws/build/ctrl_tt_ad_ctrl_cpp_ros_feedback_1'
make[2]: Nothing to be done for 'CMakeFiles/rosgraph_msgs_generate_messages_eus.dir/build'.
make[2]: Leaving directory '/local/vol00/home/vpetrov/dev/smlk_bsd_auv/bsd_auv_tr_sim_v0_3_ws/build/ctrl_tt_ad_ctrl_cpp_ros_feedback_1'
[  0%] Built target roscpp_generate_messages_nodejs
[  0%] Built target rosgraph_msgs_generate_messages_eus
[  0%] Built target rosgraph_msgs_generate_messages_cpp
/usr/bin/make -f CMakeFiles/ctrl_TT_ad_ctrl_cpp_ros_feedback_1.dir/build.make CMakeFiles/ctrl_TT_ad_ctrl_cpp_ros_feedback_1.dir/depend
make[2]: Entering directory '/local/vol00/home/vpetrov/dev/smlk_bsd_auv/bsd_auv_tr_sim_v0_3_ws/build/ctrl_tt_ad_ctrl_cpp_ros_feedback_1'
cd /local/vol00/home/vpetrov/dev/smlk_bsd_auv/bsd_auv_tr_sim_v0_3_ws/build/ctrl_tt_ad_ctrl_cpp_ros_feedback_1 && /usr/bin/cmake -E cmake_depends "Unix Makefiles" /local/vol00/home/vpetrov/dev/smlk_bsd_auv/bsd_auv_tr_sim_v0_3_ws/src/ctrl_tt_ad_ctrl_cpp_ros_feedback_1 /local/vol00/home/vpetrov/dev/smlk_bsd_auv/bsd_auv_tr_sim_v0_3_ws/src/ctrl_tt_ad_ctrl_cpp_ros_feedback_1 /local/vol00/home/vpetrov/dev/smlk_bsd_auv/bsd_auv_tr_sim_v0_3_ws/build/ctrl_tt_ad_ctrl_cpp_ros_feedback_1 /local/vol00/home/vpetrov/dev/smlk_bsd_auv/bsd_auv_tr_sim_v0_3_ws/build/ctrl_tt_ad_ctrl_cpp_ros_feedback_1 /local/vol00/home/vpetrov/dev/smlk_bsd_auv/bsd_auv_tr_sim_v0_3_ws/build/ctrl_tt_ad_ctrl_cpp_ros_feedback_1/CMakeFiles/ctrl_TT_ad_ctrl_cpp_ros_feedback_1.dir/DependInfo.cmake --color=
[35m[1mScanning dependencies of target ctrl_TT_ad_ctrl_cpp_ros_feedback_1[0m
make[2]: Leaving directory '/local/vol00/home/vpetrov/dev/smlk_bsd_auv/bsd_auv_tr_sim_v0_3_ws/build/ctrl_tt_ad_ctrl_cpp_ros_feedback_1'
/usr/bin/make -f CMakeFiles/ctrl_TT_ad_ctrl_cpp_ros_feedback_1.dir/build.make CMakeFiles/ctrl_TT_ad_ctrl_cpp_ros_feedback_1.dir/build
make[2]: Entering directory '/local/vol00/home/vpetrov/dev/smlk_bsd_auv/bsd_auv_tr_sim_v0_3_ws/build/ctrl_tt_ad_ctrl_cpp_ros_feedback_1'
[  9%] [32mBuilding CXX object CMakeFiles/ctrl_TT_ad_ctrl_cpp_ros_feedback_1.dir/src/ctrl_TT_ad_ctrl_cpp_ros_feedback_1_data.cpp.o[0m
/usr/lib/ccache/c++  -DROSCONSOLE_BACKEND_LOG4CXX -DROS_BUILD_SHARED_LIBS=1 -DROS_PACKAGE_NAME=\"ctrl_tt_ad_ctrl_cpp_ros_feedback_1\" -I/local/vol00/home/vpetrov/dev/smlk_bsd_auv/bsd_auv_tr_sim_v0_3_ws/src/ctrl_tt_ad_ctrl_cpp_ros_feedback_1/include -I/local/vol00/home/vpetrov/dev/smlk_bsd_auv/bsd_auv_tr_sim_v0_3_ws/src/ctrl_tt_ad_ctrl_cpp_ros_feedback_1 -I/opt/ros/noetic/include -I/opt/ros/noetic/share/xmlrpcpp/cmake/../../../include/xmlrpcpp -I/local/vol00/home/vpetrov/dev/smlk_bsd_auv/bsd_auv_tr_sim_v0_3_ws/src/ctrl_tt_ad_ctrl_cpp_ros_feedback_1/include/ctrl_tt_ad_ctrl_cpp_ros_feedback_1  -O3 -DNDEBUG   -DMODEL=ctrl_TT_ad_ctrl_cpp_ros_feedback_1 -DNUMST=2 -DNCSTATES=0 -DHAVESTDIO -DMODEL_HAS_DYNAMICALLY_LOADED_SFCNS=0 -DCLASSIC_INTERFACE=0 -DALLOCATIONFCN=0 -DTID01EQ=1 -DTERMFCN=1 -DONESTEPFCN=1 -DMAT_FILE=0 -DMULTI_INSTANCE_CODE=0 -DINTEGER_CODE=0 -DMT=0 -DROS_PROJECT -DMW_SCHED_OTHER -DSTACK_SIZE=64 -D__MW_TARGET_USE_HARDWARE_RESOURCES_H__ -DRT=RT -fpermissive -std=gnu++14 -o CMakeFiles/ctrl_TT_ad_ctrl_cpp_ros_feedback_1.dir/src/ctrl_TT_ad_ctrl_cpp_ros_feedback_1_data.cpp.o -c /local/vol00/home/vpetrov/dev/smlk_bsd_auv/bsd_auv_tr_sim_v0_3_ws/src/ctrl_tt_ad_ctrl_cpp_ros_feedback_1/src/ctrl_TT_ad_ctrl_cpp_ros_feedback_1_data.cpp
[ 18%] [32mBuilding CXX object CMakeFiles/ctrl_TT_ad_ctrl_cpp_ros_feedback_1.dir/src/rosnodeinterface.cpp.o[0m
[ 27%] [32mBuilding CXX object CMakeFiles/ctrl_TT_ad_ctrl_cpp_ros_feedback_1.dir/src/ctrl_TT_ad_ctrl_cpp_ros_feedback_1.cpp.o[0m
[ 36%] [32mBuilding CXX object CMakeFiles/ctrl_TT_ad_ctrl_cpp_ros_feedback_1.dir/src/main.cpp.o[0m
/usr/lib/ccache/c++  -DROSCONSOLE_BACKEND_LOG4CXX -DROS_BUILD_SHARED_LIBS=1 -DROS_PACKAGE_NAME=\"ctrl_tt_ad_ctrl_cpp_ros_feedback_1\" -I/local/vol00/home/vpetrov/dev/smlk_bsd_auv/bsd_auv_tr_sim_v0_3_ws/src/ctrl_tt_ad_ctrl_cpp_ros_feedback_1/include -I/local/vol00/home/vpetrov/dev/smlk_bsd_auv/bsd_auv_tr_sim_v0_3_ws/src/ctrl_tt_ad_ctrl_cpp_ros_feedback_1 -I/opt/ros/noetic/include -I/opt/ros/noetic/share/xmlrpcpp/cmake/../../../include/xmlrpcpp -I/local/vol00/home/vpetrov/dev/smlk_bsd_auv/bsd_auv_tr_sim_v0_3_ws/src/ctrl_tt_ad_ctrl_cpp_ros_feedback_1/include/ctrl_tt_ad_ctrl_cpp_ros_feedback_1  -O3 -DNDEBUG   -DMODEL=ctrl_TT_ad_ctrl_cpp_ros_feedback_1 -DNUMST=2 -DNCSTATES=0 -DHAVESTDIO -DMODEL_HAS_DYNAMICALLY_LOADED_SFCNS=0 -DCLASSIC_INTERFACE=0 -DALLOCATIONFCN=0 -DTID01EQ=1 -DTERMFCN=1 -DONESTEPFCN=1 -DMAT_FILE=0 -DMULTI_INSTANCE_CODE=0 -DINTEGER_CODE=0 -DMT=0 -DROS_PROJECT -DMW_SCHED_OTHER -DSTACK_SIZE=64 -D__MW_TARGET_USE_HARDWARE_RESOURCES_H__ -DRT=RT -fpermissive -std=gnu++14 -o CMakeFiles/ctrl_TT_ad_ctrl_cpp_ros_feedback_1.dir/src/rosnodeinterface.cpp.o -c /local/vol00/home/vpetrov/dev/smlk_bsd_auv/bsd_auv_tr_sim_v0_3_ws/src/ctrl_tt_ad_ctrl_cpp_ros_feedback_1/src/rosnodeinterface.cpp
[ 45%] [32mBuilding CXX object CMakeFiles/ctrl_TT_ad_ctrl_cpp_ros_feedback_1.dir/src/rtGetInf.cpp.o[0m
/usr/lib/ccache/c++  -DROSCONSOLE_BACKEND_LOG4CXX -DROS_BUILD_SHARED_LIBS=1 -DROS_PACKAGE_NAME=\"ctrl_tt_ad_ctrl_cpp_ros_feedback_1\" -I/local/vol00/home/vpetrov/dev/smlk_bsd_auv/bsd_auv_tr_sim_v0_3_ws/src/ctrl_tt_ad_ctrl_cpp_ros_feedback_1/include -I/local/vol00/home/vpetrov/dev/smlk_bsd_auv/bsd_auv_tr_sim_v0_3_ws/src/ctrl_tt_ad_ctrl_cpp_ros_feedback_1 -I/opt/ros/noetic/include -I/opt/ros/noetic/share/xmlrpcpp/cmake/../../../include/xmlrpcpp -I/local/vol00/home/vpetrov/dev/smlk_bsd_auv/bsd_auv_tr_sim_v0_3_ws/src/ctrl_tt_ad_ctrl_cpp_ros_feedback_1/include/ctrl_tt_ad_ctrl_cpp_ros_feedback_1  -O3 -DNDEBUG   -DMODEL=ctrl_TT_ad_ctrl_cpp_ros_feedback_1 -DNUMST=2 -DNCSTATES=0 -DHAVESTDIO -DMODEL_HAS_DYNAMICALLY_LOADED_SFCNS=0 -DCLASSIC_INTERFACE=0 -DALLOCATIONFCN=0 -DTID01EQ=1 -DTERMFCN=1 -DONESTEPFCN=1 -DMAT_FILE=0 -DMULTI_INSTANCE_CODE=0 -DINTEGER_CODE=0 -DMT=0 -DROS_PROJECT -DMW_SCHED_OTHER -DSTACK_SIZE=64 -D__MW_TARGET_USE_HARDWARE_RESOURCES_H__ -DRT=RT -fpermissive -std=gnu++14 -o CMakeFiles/ctrl_TT_ad_ctrl_cpp_ros_feedback_1.dir/src/ctrl_TT_ad_ctrl_cpp_ros_feedback_1.cpp.o -c /local/vol00/home/vpetrov/dev/smlk_bsd_auv/bsd_auv_tr_sim_v0_3_ws/src/ctrl_tt_ad_ctrl_cpp_ros_feedback_1/src/ctrl_TT_ad_ctrl_cpp_ros_feedback_1.cpp
/usr/lib/ccache/c++  -DROSCONSOLE_BACKEND_LOG4CXX -DROS_BUILD_SHARED_LIBS=1 -DROS_PACKAGE_NAME=\"ctrl_tt_ad_ctrl_cpp_ros_feedback_1\" -I/local/vol00/home/vpetrov/dev/smlk_bsd_auv/bsd_auv_tr_sim_v0_3_ws/src/ctrl_tt_ad_ctrl_cpp_ros_feedback_1/include -I/local/vol00/home/vpetrov/dev/smlk_bsd_auv/bsd_auv_tr_sim_v0_3_ws/src/ctrl_tt_ad_ctrl_cpp_ros_feedback_1 -I/opt/ros/noetic/include -I/opt/ros/noetic/share/xmlrpcpp/cmake/../../../include/xmlrpcpp -I/local/vol00/home/vpetrov/dev/smlk_bsd_auv/bsd_auv_tr_sim_v0_3_ws/src/ctrl_tt_ad_ctrl_cpp_ros_feedback_1/include/ctrl_tt_ad_ctrl_cpp_ros_feedback_1  -O3 -DNDEBUG   -DMODEL=ctrl_TT_ad_ctrl_cpp_ros_feedback_1 -DNUMST=2 -DNCSTATES=0 -DHAVESTDIO -DMODEL_HAS_DYNAMICALLY_LOADED_SFCNS=0 -DCLASSIC_INTERFACE=0 -DALLOCATIONFCN=0 -DTID01EQ=1 -DTERMFCN=1 -DONESTEPFCN=1 -DMAT_FILE=0 -DMULTI_INSTANCE_CODE=0 -DINTEGER_CODE=0 -DMT=0 -DROS_PROJECT -DMW_SCHED_OTHER -DSTACK_SIZE=64 -D__MW_TARGET_USE_HARDWARE_RESOURCES_H__ -DRT=RT -fpermissive -std=gnu++14 -o CMakeFiles/ctrl_TT_ad_ctrl_cpp_ros_feedback_1.dir/src/main.cpp.o -c /local/vol00/home/vpetrov/dev/smlk_bsd_auv/bsd_auv_tr_sim_v0_3_ws/src/ctrl_tt_ad_ctrl_cpp_ros_feedback_1/src/main.cpp
[ 63%] [32mBuilding CXX object CMakeFiles/ctrl_TT_ad_ctrl_cpp_ros_feedback_1.dir/src/rtGetNaN.cpp.o[0m
[ 63%] [32mBuilding CXX object CMakeFiles/ctrl_TT_ad_ctrl_cpp_ros_feedback_1.dir/src/rt_nonfinite.cpp.o[0m
[ 72%] [32mBuilding CXX object CMakeFiles/ctrl_TT_ad_ctrl_cpp_ros_feedback_1.dir/src/slros_busmsg_conversion.cpp.o[0m
[ 81%] [32mBuilding CXX object CMakeFiles/ctrl_TT_ad_ctrl_cpp_ros_feedback_1.dir/src/slros_initialize.cpp.o[0m
/usr/lib/ccache/c++  -DROSCONSOLE_BACKEND_LOG4CXX -DROS_BUILD_SHARED_LIBS=1 -DROS_PACKAGE_NAME=\"ctrl_tt_ad_ctrl_cpp_ros_feedback_1\" -I/local/vol00/home/vpetrov/dev/smlk_bsd_auv/bsd_auv_tr_sim_v0_3_ws/src/ctrl_tt_ad_ctrl_cpp_ros_feedback_1/include -I/local/vol00/home/vpetrov/dev/smlk_bsd_auv/bsd_auv_tr_sim_v0_3_ws/src/ctrl_tt_ad_ctrl_cpp_ros_feedback_1 -I/opt/ros/noetic/include -I/opt/ros/noetic/share/xmlrpcpp/cmake/../../../include/xmlrpcpp -I/local/vol00/home/vpetrov/dev/smlk_bsd_auv/bsd_auv_tr_sim_v0_3_ws/src/ctrl_tt_ad_ctrl_cpp_ros_feedback_1/include/ctrl_tt_ad_ctrl_cpp_ros_feedback_1  -O3 -DNDEBUG   -DMODEL=ctrl_TT_ad_ctrl_cpp_ros_feedback_1 -DNUMST=2 -DNCSTATES=0 -DHAVESTDIO -DMODEL_HAS_DYNAMICALLY_LOADED_SFCNS=0 -DCLASSIC_INTERFACE=0 -DALLOCATIONFCN=0 -DTID01EQ=1 -DTERMFCN=1 -DONESTEPFCN=1 -DMAT_FILE=0 -DMULTI_INSTANCE_CODE=0 -DINTEGER_CODE=0 -DMT=0 -DROS_PROJECT -DMW_SCHED_OTHER -DSTACK_SIZE=64 -D__MW_TARGET_USE_HARDWARE_RESOURCES_H__ -DRT=RT -fpermissive -std=gnu++14 -o CMakeFiles/ctrl_TT_ad_ctrl_cpp_ros_feedback_1.dir/src/rtGetInf.cpp.o -c /local/vol00/home/vpetrov/dev/smlk_bsd_auv/bsd_auv_tr_sim_v0_3_ws/src/ctrl_tt_ad_ctrl_cpp_ros_feedback_1/src/rtGetInf.cpp
/usr/lib/ccache/c++  -DROSCONSOLE_BACKEND_LOG4CXX -DROS_BUILD_SHARED_LIBS=1 -DROS_PACKAGE_NAME=\"ctrl_tt_ad_ctrl_cpp_ros_feedback_1\" -I/local/vol00/home/vpetrov/dev/smlk_bsd_auv/bsd_auv_tr_sim_v0_3_ws/src/ctrl_tt_ad_ctrl_cpp_ros_feedback_1/include -I/local/vol00/home/vpetrov/dev/smlk_bsd_auv/bsd_auv_tr_sim_v0_3_ws/src/ctrl_tt_ad_ctrl_cpp_ros_feedback_1 -I/opt/ros/noetic/include -I/opt/ros/noetic/share/xmlrpcpp/cmake/../../../include/xmlrpcpp -I/local/vol00/home/vpetrov/dev/smlk_bsd_auv/bsd_auv_tr_sim_v0_3_ws/src/ctrl_tt_ad_ctrl_cpp_ros_feedback_1/include/ctrl_tt_ad_ctrl_cpp_ros_feedback_1  -O3 -DNDEBUG   -DMODEL=ctrl_TT_ad_ctrl_cpp_ros_feedback_1 -DNUMST=2 -DNCSTATES=0 -DHAVESTDIO -DMODEL_HAS_DYNAMICALLY_LOADED_SFCNS=0 -DCLASSIC_INTERFACE=0 -DALLOCATIONFCN=0 -DTID01EQ=1 -DTERMFCN=1 -DONESTEPFCN=1 -DMAT_FILE=0 -DMULTI_INSTANCE_CODE=0 -DINTEGER_CODE=0 -DMT=0 -DROS_PROJECT -DMW_SCHED_OTHER -DSTACK_SIZE=64 -D__MW_TARGET_USE_HARDWARE_RESOURCES_H__ -DRT=RT -fpermissive -std=gnu++14 -o CMakeFiles/ctrl_TT_ad_ctrl_cpp_ros_feedback_1.dir/src/rt_nonfinite.cpp.o -c /local/vol00/home/vpetrov/dev/smlk_bsd_auv/bsd_auv_tr_sim_v0_3_ws/src/ctrl_tt_ad_ctrl_cpp_ros_feedback_1/src/rt_nonfinite.cpp
/usr/lib/ccache/c++  -DROSCONSOLE_BACKEND_LOG4CXX -DROS_BUILD_SHARED_LIBS=1 -DROS_PACKAGE_NAME=\"ctrl_tt_ad_ctrl_cpp_ros_feedback_1\" -I/local/vol00/home/vpetrov/dev/smlk_bsd_auv/bsd_auv_tr_sim_v0_3_ws/src/ctrl_tt_ad_ctrl_cpp_ros_feedback_1/include -I/local/vol00/home/vpetrov/dev/smlk_bsd_auv/bsd_auv_tr_sim_v0_3_ws/src/ctrl_tt_ad_ctrl_cpp_ros_feedback_1 -I/opt/ros/noetic/include -I/opt/ros/noetic/share/xmlrpcpp/cmake/../../../include/xmlrpcpp -I/local/vol00/home/vpetrov/dev/smlk_bsd_auv/bsd_auv_tr_sim_v0_3_ws/src/ctrl_tt_ad_ctrl_cpp_ros_feedback_1/include/ctrl_tt_ad_ctrl_cpp_ros_feedback_1  -O3 -DNDEBUG   -DMODEL=ctrl_TT_ad_ctrl_cpp_ros_feedback_1 -DNUMST=2 -DNCSTATES=0 -DHAVESTDIO -DMODEL_HAS_DYNAMICALLY_LOADED_SFCNS=0 -DCLASSIC_INTERFACE=0 -DALLOCATIONFCN=0 -DTID01EQ=1 -DTERMFCN=1 -DONESTEPFCN=1 -DMAT_FILE=0 -DMULTI_INSTANCE_CODE=0 -DINTEGER_CODE=0 -DMT=0 -DROS_PROJECT -DMW_SCHED_OTHER -DSTACK_SIZE=64 -D__MW_TARGET_USE_HARDWARE_RESOURCES_H__ -DRT=RT -fpermissive -std=gnu++14 -o CMakeFiles/ctrl_TT_ad_ctrl_cpp_ros_feedback_1.dir/src/rtGetNaN.cpp.o -c /local/vol00/home/vpetrov/dev/smlk_bsd_auv/bsd_auv_tr_sim_v0_3_ws/src/ctrl_tt_ad_ctrl_cpp_ros_feedback_1/src/rtGetNaN.cpp
/usr/lib/ccache/c++  -DROSCONSOLE_BACKEND_LOG4CXX -DROS_BUILD_SHARED_LIBS=1 -DROS_PACKAGE_NAME=\"ctrl_tt_ad_ctrl_cpp_ros_feedback_1\" -I/local/vol00/home/vpetrov/dev/smlk_bsd_auv/bsd_auv_tr_sim_v0_3_ws/src/ctrl_tt_ad_ctrl_cpp_ros_feedback_1/include -I/local/vol00/home/vpetrov/dev/smlk_bsd_auv/bsd_auv_tr_sim_v0_3_ws/src/ctrl_tt_ad_ctrl_cpp_ros_feedback_1 -I/opt/ros/noetic/include -I/opt/ros/noetic/share/xmlrpcpp/cmake/../../../include/xmlrpcpp -I/local/vol00/home/vpetrov/dev/smlk_bsd_auv/bsd_auv_tr_sim_v0_3_ws/src/ctrl_tt_ad_ctrl_cpp_ros_feedback_1/include/ctrl_tt_ad_ctrl_cpp_ros_feedback_1  -O3 -DNDEBUG   -DMODEL=ctrl_TT_ad_ctrl_cpp_ros_feedback_1 -DNUMST=2 -DNCSTATES=0 -DHAVESTDIO -DMODEL_HAS_DYNAMICALLY_LOADED_SFCNS=0 -DCLASSIC_INTERFACE=0 -DALLOCATIONFCN=0 -DTID01EQ=1 -DTERMFCN=1 -DONESTEPFCN=1 -DMAT_FILE=0 -DMULTI_INSTANCE_CODE=0 -DINTEGER_CODE=0 -DMT=0 -DROS_PROJECT -DMW_SCHED_OTHER -DSTACK_SIZE=64 -D__MW_TARGET_USE_HARDWARE_RESOURCES_H__ -DRT=RT -fpermissive -std=gnu++14 -o CMakeFiles/ctrl_TT_ad_ctrl_cpp_ros_feedback_1.dir/src/slros_busmsg_conversion.cpp.o -c /local/vol00/home/vpetrov/dev/smlk_bsd_auv/bsd_auv_tr_sim_v0_3_ws/src/ctrl_tt_ad_ctrl_cpp_ros_feedback_1/src/slros_busmsg_conversion.cpp
/usr/lib/ccache/c++  -DROSCONSOLE_BACKEND_LOG4CXX -DROS_BUILD_SHARED_LIBS=1 -DROS_PACKAGE_NAME=\"ctrl_tt_ad_ctrl_cpp_ros_feedback_1\" -I/local/vol00/home/vpetrov/dev/smlk_bsd_auv/bsd_auv_tr_sim_v0_3_ws/src/ctrl_tt_ad_ctrl_cpp_ros_feedback_1/include -I/local/vol00/home/vpetrov/dev/smlk_bsd_auv/bsd_auv_tr_sim_v0_3_ws/src/ctrl_tt_ad_ctrl_cpp_ros_feedback_1 -I/opt/ros/noetic/include -I/opt/ros/noetic/share/xmlrpcpp/cmake/../../../include/xmlrpcpp -I/local/vol00/home/vpetrov/dev/smlk_bsd_auv/bsd_auv_tr_sim_v0_3_ws/src/ctrl_tt_ad_ctrl_cpp_ros_feedback_1/include/ctrl_tt_ad_ctrl_cpp_ros_feedback_1  -O3 -DNDEBUG   -DMODEL=ctrl_TT_ad_ctrl_cpp_ros_feedback_1 -DNUMST=2 -DNCSTATES=0 -DHAVESTDIO -DMODEL_HAS_DYNAMICALLY_LOADED_SFCNS=0 -DCLASSIC_INTERFACE=0 -DALLOCATIONFCN=0 -DTID01EQ=1 -DTERMFCN=1 -DONESTEPFCN=1 -DMAT_FILE=0 -DMULTI_INSTANCE_CODE=0 -DINTEGER_CODE=0 -DMT=0 -DROS_PROJECT -DMW_SCHED_OTHER -DSTACK_SIZE=64 -D__MW_TARGET_USE_HARDWARE_RESOURCES_H__ -DRT=RT -fpermissive -std=gnu++14 -o CMakeFiles/ctrl_TT_ad_ctrl_cpp_ros_feedback_1.dir/src/slros_initialize.cpp.o -c /local/vol00/home/vpetrov/dev/smlk_bsd_auv/bsd_auv_tr_sim_v0_3_ws/src/ctrl_tt_ad_ctrl_cpp_ros_feedback_1/src/slros_initialize.cpp
[ 90%] [32mBuilding CXX object CMakeFiles/ctrl_TT_ad_ctrl_cpp_ros_feedback_1.dir/src/slros_generic_param.cpp.o[0m
/usr/lib/ccache/c++  -DROSCONSOLE_BACKEND_LOG4CXX -DROS_BUILD_SHARED_LIBS=1 -DROS_PACKAGE_NAME=\"ctrl_tt_ad_ctrl_cpp_ros_feedback_1\" -I/local/vol00/home/vpetrov/dev/smlk_bsd_auv/bsd_auv_tr_sim_v0_3_ws/src/ctrl_tt_ad_ctrl_cpp_ros_feedback_1/include -I/local/vol00/home/vpetrov/dev/smlk_bsd_auv/bsd_auv_tr_sim_v0_3_ws/src/ctrl_tt_ad_ctrl_cpp_ros_feedback_1 -I/opt/ros/noetic/include -I/opt/ros/noetic/share/xmlrpcpp/cmake/../../../include/xmlrpcpp -I/local/vol00/home/vpetrov/dev/smlk_bsd_auv/bsd_auv_tr_sim_v0_3_ws/src/ctrl_tt_ad_ctrl_cpp_ros_feedback_1/include/ctrl_tt_ad_ctrl_cpp_ros_feedback_1  -O3 -DNDEBUG   -DMODEL=ctrl_TT_ad_ctrl_cpp_ros_feedback_1 -DNUMST=2 -DNCSTATES=0 -DHAVESTDIO -DMODEL_HAS_DYNAMICALLY_LOADED_SFCNS=0 -DCLASSIC_INTERFACE=0 -DALLOCATIONFCN=0 -DTID01EQ=1 -DTERMFCN=1 -DONESTEPFCN=1 -DMAT_FILE=0 -DMULTI_INSTANCE_CODE=0 -DINTEGER_CODE=0 -DMT=0 -DROS_PROJECT -DMW_SCHED_OTHER -DSTACK_SIZE=64 -D__MW_TARGET_USE_HARDWARE_RESOURCES_H__ -DRT=RT -fpermissive -std=gnu++14 -o CMakeFiles/ctrl_TT_ad_ctrl_cpp_ros_feedback_1.dir/src/slros_generic_param.cpp.o -c /local/vol00/home/vpetrov/dev/smlk_bsd_auv/bsd_auv_tr_sim_v0_3_ws/src/ctrl_tt_ad_ctrl_cpp_ros_feedback_1/src/slros_generic_param.cpp
[100%] [32m[1mLinking CXX executable /local/vol00/home/vpetrov/dev/smlk_bsd_auv/bsd_auv_tr_sim_v0_3_ws/devel/.private/ctrl_tt_ad_ctrl_cpp_ros_feedback_1/lib/ctrl_tt_ad_ctrl_cpp_ros_feedback_1/ctrl_TT_ad_ctrl_cpp_ros_feedback_1[0m
/usr/bin/cmake -E cmake_link_script CMakeFiles/ctrl_TT_ad_ctrl_cpp_ros_feedback_1.dir/link.txt --verbose=1
/usr/lib/ccache/c++  -O3 -DNDEBUG   CMakeFiles/ctrl_TT_ad_ctrl_cpp_ros_feedback_1.dir/src/ctrl_TT_ad_ctrl_cpp_ros_feedback_1.cpp.o CMakeFiles/ctrl_TT_ad_ctrl_cpp_ros_feedback_1.dir/src/ctrl_TT_ad_ctrl_cpp_ros_feedback_1_data.cpp.o CMakeFiles/ctrl_TT_ad_ctrl_cpp_ros_feedback_1.dir/src/main.cpp.o CMakeFiles/ctrl_TT_ad_ctrl_cpp_ros_feedback_1.dir/src/rosnodeinterface.cpp.o CMakeFiles/ctrl_TT_ad_ctrl_cpp_ros_feedback_1.dir/src/rtGetInf.cpp.o CMakeFiles/ctrl_TT_ad_ctrl_cpp_ros_feedback_1.dir/src/rtGetNaN.cpp.o CMakeFiles/ctrl_TT_ad_ctrl_cpp_ros_feedback_1.dir/src/rt_nonfinite.cpp.o CMakeFiles/ctrl_TT_ad_ctrl_cpp_ros_feedback_1.dir/src/slros_busmsg_conversion.cpp.o CMakeFiles/ctrl_TT_ad_ctrl_cpp_ros_feedback_1.dir/src/slros_initialize.cpp.o CMakeFiles/ctrl_TT_ad_ctrl_cpp_ros_feedback_1.dir/src/slros_generic_param.cpp.o  -o /local/vol00/home/vpetrov/dev/smlk_bsd_auv/bsd_auv_tr_sim_v0_3_ws/devel/.private/ctrl_tt_ad_ctrl_cpp_ros_feedback_1/lib/ctrl_tt_ad_ctrl_cpp_ros_feedback_1/ctrl_TT_ad_ctrl_cpp_ros_feedback_1  -Wl,-rpath,/local/vol00/home/vpetrov/dev/smlk_bsd_auv/bsd_auv_tr_sim_v0_3_ws/install/lib:/opt/ros/noetic/lib /opt/ros/noetic/lib/libroscpp.so /usr/lib/x86_64-linux-gnu/libpthread.so /usr/lib/x86_64-linux-gnu/libboost_chrono.so.1.71.0 /usr/lib/x86_64-linux-gnu/libboost_filesystem.so.1.71.0 /opt/ros/noetic/lib/librosconsole.so /opt/ros/noetic/lib/librosconsole_log4cxx.so /opt/ros/noetic/lib/librosconsole_backend_interface.so /usr/lib/x86_64-linux-gnu/liblog4cxx.so /usr/lib/x86_64-linux-gnu/libboost_regex.so.1.71.0 /opt/ros/noetic/lib/libxmlrpcpp.so /opt/ros/noetic/lib/libroscpp_serialization.so /opt/ros/noetic/lib/librostime.so /usr/lib/x86_64-linux-gnu/libboost_date_time.so.1.71.0 /opt/ros/noetic/lib/libcpp_common.so /usr/lib/x86_64-linux-gnu/libboost_system.so.1.71.0 /usr/lib/x86_64-linux-gnu/libboost_thread.so.1.71.0 /usr/lib/x86_64-linux-gnu/libconsole_bridge.so.0.4 -ldl 
make[2]: Leaving directory '/local/vol00/home/vpetrov/dev/smlk_bsd_auv/bsd_auv_tr_sim_v0_3_ws/build/ctrl_tt_ad_ctrl_cpp_ros_feedback_1'
[100%] Built target ctrl_TT_ad_ctrl_cpp_ros_feedback_1
make[1]: Leaving directory '/local/vol00/home/vpetrov/dev/smlk_bsd_auv/bsd_auv_tr_sim_v0_3_ws/build/ctrl_tt_ad_ctrl_cpp_ros_feedback_1'
/usr/bin/cmake -E cmake_progress_start /local/vol00/home/vpetrov/dev/smlk_bsd_auv/bsd_auv_tr_sim_v0_3_ws/build/ctrl_tt_ad_ctrl_cpp_ros_feedback_1/CMakeFiles 0
