Symlinking /local/vol00/home/vpetrov/dev/smlk_bsd_auv/bsd_auv_tr_sim_v0_2_ws/devel/include/avl_bsd_translator/ResponseMsg.h
Symlinking /local/vol00/home/vpetrov/dev/smlk_bsd_auv/bsd_auv_tr_sim_v0_2_ws/devel/include/avl_bsd_translator/DeviceMsg.h
Symlinking /local/vol00/home/vpetrov/dev/smlk_bsd_auv/bsd_auv_tr_sim_v0_2_ws/devel/include/avl_bsd_translator/ActionMsg.h
Symlinking /local/vol00/home/vpetrov/dev/smlk_bsd_auv/bsd_auv_tr_sim_v0_2_ws/devel/include/avl_bsd_translator/CommandMsg.h
Symlinking /local/vol00/home/vpetrov/dev/smlk_bsd_auv/bsd_auv_tr_sim_v0_2_ws/devel/include/avl_bsd_translator/PassthroughMsg.h
Symlinking /local/vol00/home/vpetrov/dev/smlk_bsd_auv/bsd_auv_tr_sim_v0_2_ws/devel/include/avl_bsd_translator/HeartbeatMsg.h
Symlinking /local/vol00/home/vpetrov/dev/smlk_bsd_auv/bsd_auv_tr_sim_v0_2_ws/devel/lib/avl_bsd_translator/bsd_example
Symlinking /local/vol00/home/vpetrov/dev/smlk_bsd_auv/bsd_auv_tr_sim_v0_2_ws/devel/lib/python3/dist-packages/avl_bsd_translator/__init__.py
Symlinking /local/vol00/home/vpetrov/dev/smlk_bsd_auv/bsd_auv_tr_sim_v0_2_ws/devel/lib/python3/dist-packages/avl_bsd_translator/msg/__init__.py
Symlinking /local/vol00/home/vpetrov/dev/smlk_bsd_auv/bsd_auv_tr_sim_v0_2_ws/devel/lib/python3/dist-packages/avl_bsd_translator/msg/_ActionMsg.py
Symlinking /local/vol00/home/vpetrov/dev/smlk_bsd_auv/bsd_auv_tr_sim_v0_2_ws/devel/lib/python3/dist-packages/avl_bsd_translator/msg/_HeartbeatMsg.py
Symlinking /local/vol00/home/vpetrov/dev/smlk_bsd_auv/bsd_auv_tr_sim_v0_2_ws/devel/lib/python3/dist-packages/avl_bsd_translator/msg/_CommandMsg.py
Symlinking /local/vol00/home/vpetrov/dev/smlk_bsd_auv/bsd_auv_tr_sim_v0_2_ws/devel/lib/python3/dist-packages/avl_bsd_translator/msg/_DeviceMsg.py
Symlinking /local/vol00/home/vpetrov/dev/smlk_bsd_auv/bsd_auv_tr_sim_v0_2_ws/devel/lib/python3/dist-packages/avl_bsd_translator/msg/_PassthroughMsg.py
Symlinking /local/vol00/home/vpetrov/dev/smlk_bsd_auv/bsd_auv_tr_sim_v0_2_ws/devel/lib/python3/dist-packages/avl_bsd_translator/msg/_ResponseMsg.py
Symlinking /local/vol00/home/vpetrov/dev/smlk_bsd_auv/bsd_auv_tr_sim_v0_2_ws/devel/lib/pkgconfig/avl_bsd_translator.pc
Symlinking /local/vol00/home/vpetrov/dev/smlk_bsd_auv/bsd_auv_tr_sim_v0_2_ws/devel/share/roseus/ros/avl_bsd_translator/manifest.l
Symlinking /local/vol00/home/vpetrov/dev/smlk_bsd_auv/bsd_auv_tr_sim_v0_2_ws/devel/share/roseus/ros/avl_bsd_translator/msg/ActionMsg.l
Symlinking /local/vol00/home/vpetrov/dev/smlk_bsd_auv/bsd_auv_tr_sim_v0_2_ws/devel/share/roseus/ros/avl_bsd_translator/msg/CommandMsg.l
Symlinking /local/vol00/home/vpetrov/dev/smlk_bsd_auv/bsd_auv_tr_sim_v0_2_ws/devel/share/roseus/ros/avl_bsd_translator/msg/ResponseMsg.l
Symlinking /local/vol00/home/vpetrov/dev/smlk_bsd_auv/bsd_auv_tr_sim_v0_2_ws/devel/share/roseus/ros/avl_bsd_translator/msg/HeartbeatMsg.l
Symlinking /local/vol00/home/vpetrov/dev/smlk_bsd_auv/bsd_auv_tr_sim_v0_2_ws/devel/share/roseus/ros/avl_bsd_translator/msg/PassthroughMsg.l
Symlinking /local/vol00/home/vpetrov/dev/smlk_bsd_auv/bsd_auv_tr_sim_v0_2_ws/devel/share/roseus/ros/avl_bsd_translator/msg/DeviceMsg.l
Symlinking /local/vol00/home/vpetrov/dev/smlk_bsd_auv/bsd_auv_tr_sim_v0_2_ws/devel/share/gennodejs/ros/avl_bsd_translator/_index.js
Symlinking /local/vol00/home/vpetrov/dev/smlk_bsd_auv/bsd_auv_tr_sim_v0_2_ws/devel/share/gennodejs/ros/avl_bsd_translator/msg/ResponseMsg.js
Symlinking /local/vol00/home/vpetrov/dev/smlk_bsd_auv/bsd_auv_tr_sim_v0_2_ws/devel/share/gennodejs/ros/avl_bsd_translator/msg/CommandMsg.js
Symlinking /local/vol00/home/vpetrov/dev/smlk_bsd_auv/bsd_auv_tr_sim_v0_2_ws/devel/share/gennodejs/ros/avl_bsd_translator/msg/HeartbeatMsg.js
Symlinking /local/vol00/home/vpetrov/dev/smlk_bsd_auv/bsd_auv_tr_sim_v0_2_ws/devel/share/gennodejs/ros/avl_bsd_translator/msg/_index.js
Symlinking /local/vol00/home/vpetrov/dev/smlk_bsd_auv/bsd_auv_tr_sim_v0_2_ws/devel/share/gennodejs/ros/avl_bsd_translator/msg/PassthroughMsg.js
Symlinking /local/vol00/home/vpetrov/dev/smlk_bsd_auv/bsd_auv_tr_sim_v0_2_ws/devel/share/gennodejs/ros/avl_bsd_translator/msg/DeviceMsg.js
Symlinking /local/vol00/home/vpetrov/dev/smlk_bsd_auv/bsd_auv_tr_sim_v0_2_ws/devel/share/gennodejs/ros/avl_bsd_translator/msg/ActionMsg.js
Symlinking /local/vol00/home/vpetrov/dev/smlk_bsd_auv/bsd_auv_tr_sim_v0_2_ws/devel/share/avl_bsd_translator/cmake/avl_bsd_translatorConfig-version.cmake
Symlinking /local/vol00/home/vpetrov/dev/smlk_bsd_auv/bsd_auv_tr_sim_v0_2_ws/devel/share/avl_bsd_translator/cmake/avl_bsd_translator-msg-extras.cmake
Symlinking /local/vol00/home/vpetrov/dev/smlk_bsd_auv/bsd_auv_tr_sim_v0_2_ws/devel/share/avl_bsd_translator/cmake/avl_bsd_translatorConfig.cmake
Symlinking /local/vol00/home/vpetrov/dev/smlk_bsd_auv/bsd_auv_tr_sim_v0_2_ws/devel/share/avl_bsd_translator/cmake/avl_bsd_translator-msg-paths.cmake
Symlinking /local/vol00/home/vpetrov/dev/smlk_bsd_auv/bsd_auv_tr_sim_v0_2_ws/devel/share/common-lisp/ros/avl_bsd_translator/msg/_package_ResponseMsg.lisp
Symlinking /local/vol00/home/vpetrov/dev/smlk_bsd_auv/bsd_auv_tr_sim_v0_2_ws/devel/share/common-lisp/ros/avl_bsd_translator/msg/avl_bsd_translator-msg.asd
Symlinking /local/vol00/home/vpetrov/dev/smlk_bsd_auv/bsd_auv_tr_sim_v0_2_ws/devel/share/common-lisp/ros/avl_bsd_translator/msg/HeartbeatMsg.lisp
Symlinking /local/vol00/home/vpetrov/dev/smlk_bsd_auv/bsd_auv_tr_sim_v0_2_ws/devel/share/common-lisp/ros/avl_bsd_translator/msg/_package_ActionMsg.lisp
Symlinking /local/vol00/home/vpetrov/dev/smlk_bsd_auv/bsd_auv_tr_sim_v0_2_ws/devel/share/common-lisp/ros/avl_bsd_translator/msg/_package_HeartbeatMsg.lisp
Symlinking /local/vol00/home/vpetrov/dev/smlk_bsd_auv/bsd_auv_tr_sim_v0_2_ws/devel/share/common-lisp/ros/avl_bsd_translator/msg/ResponseMsg.lisp
Symlinking /local/vol00/home/vpetrov/dev/smlk_bsd_auv/bsd_auv_tr_sim_v0_2_ws/devel/share/common-lisp/ros/avl_bsd_translator/msg/CommandMsg.lisp
Symlinking /local/vol00/home/vpetrov/dev/smlk_bsd_auv/bsd_auv_tr_sim_v0_2_ws/devel/share/common-lisp/ros/avl_bsd_translator/msg/_package_CommandMsg.lisp
Symlinking /local/vol00/home/vpetrov/dev/smlk_bsd_auv/bsd_auv_tr_sim_v0_2_ws/devel/share/common-lisp/ros/avl_bsd_translator/msg/_package_DeviceMsg.lisp
Symlinking /local/vol00/home/vpetrov/dev/smlk_bsd_auv/bsd_auv_tr_sim_v0_2_ws/devel/share/common-lisp/ros/avl_bsd_translator/msg/_package.lisp
Symlinking /local/vol00/home/vpetrov/dev/smlk_bsd_auv/bsd_auv_tr_sim_v0_2_ws/devel/share/common-lisp/ros/avl_bsd_translator/msg/DeviceMsg.lisp
Symlinking /local/vol00/home/vpetrov/dev/smlk_bsd_auv/bsd_auv_tr_sim_v0_2_ws/devel/share/common-lisp/ros/avl_bsd_translator/msg/ActionMsg.lisp
Symlinking /local/vol00/home/vpetrov/dev/smlk_bsd_auv/bsd_auv_tr_sim_v0_2_ws/devel/share/common-lisp/ros/avl_bsd_translator/msg/PassthroughMsg.lisp
Symlinking /local/vol00/home/vpetrov/dev/smlk_bsd_auv/bsd_auv_tr_sim_v0_2_ws/devel/share/common-lisp/ros/avl_bsd_translator/msg/_package_PassthroughMsg.lisp
