Symlinking /local/vol00/home/vpetrov/dev/smlk_bsd_auv/des--elev_rud_model_TT_z_v_psi_py_ws/devel/include/avl_bsd_translator/ResponseMsg.h
Symlinking /local/vol00/home/vpetrov/dev/smlk_bsd_auv/des--elev_rud_model_TT_z_v_psi_py_ws/devel/include/avl_bsd_translator/DeviceMsg.h
Symlinking /local/vol00/home/vpetrov/dev/smlk_bsd_auv/des--elev_rud_model_TT_z_v_psi_py_ws/devel/include/avl_bsd_translator/ActionMsg.h
Symlinking /local/vol00/home/vpetrov/dev/smlk_bsd_auv/des--elev_rud_model_TT_z_v_psi_py_ws/devel/include/avl_bsd_translator/CommandMsg.h
Symlinking /local/vol00/home/vpetrov/dev/smlk_bsd_auv/des--elev_rud_model_TT_z_v_psi_py_ws/devel/include/avl_bsd_translator/PassthroughMsg.h
Symlinking /local/vol00/home/vpetrov/dev/smlk_bsd_auv/des--elev_rud_model_TT_z_v_psi_py_ws/devel/include/avl_bsd_translator/HeartbeatMsg.h
Symlinking /local/vol00/home/vpetrov/dev/smlk_bsd_auv/des--elev_rud_model_TT_z_v_psi_py_ws/devel/lib/avl_bsd_translator/bsd_example
Symlinking /local/vol00/home/vpetrov/dev/smlk_bsd_auv/des--elev_rud_model_TT_z_v_psi_py_ws/devel/lib/python3/dist-packages/avl_bsd_translator/__init__.py
Symlinking /local/vol00/home/vpetrov/dev/smlk_bsd_auv/des--elev_rud_model_TT_z_v_psi_py_ws/devel/lib/python3/dist-packages/avl_bsd_translator/msg/__init__.py
Symlinking /local/vol00/home/vpetrov/dev/smlk_bsd_auv/des--elev_rud_model_TT_z_v_psi_py_ws/devel/lib/python3/dist-packages/avl_bsd_translator/msg/_ActionMsg.py
Symlinking /local/vol00/home/vpetrov/dev/smlk_bsd_auv/des--elev_rud_model_TT_z_v_psi_py_ws/devel/lib/python3/dist-packages/avl_bsd_translator/msg/_HeartbeatMsg.py
Symlinking /local/vol00/home/vpetrov/dev/smlk_bsd_auv/des--elev_rud_model_TT_z_v_psi_py_ws/devel/lib/python3/dist-packages/avl_bsd_translator/msg/_CommandMsg.py
Symlinking /local/vol00/home/vpetrov/dev/smlk_bsd_auv/des--elev_rud_model_TT_z_v_psi_py_ws/devel/lib/python3/dist-packages/avl_bsd_translator/msg/_DeviceMsg.py
Symlinking /local/vol00/home/vpetrov/dev/smlk_bsd_auv/des--elev_rud_model_TT_z_v_psi_py_ws/devel/lib/python3/dist-packages/avl_bsd_translator/msg/_PassthroughMsg.py
Symlinking /local/vol00/home/vpetrov/dev/smlk_bsd_auv/des--elev_rud_model_TT_z_v_psi_py_ws/devel/lib/python3/dist-packages/avl_bsd_translator/msg/_ResponseMsg.py
Symlinking /local/vol00/home/vpetrov/dev/smlk_bsd_auv/des--elev_rud_model_TT_z_v_psi_py_ws/devel/lib/pkgconfig/avl_bsd_translator.pc
Symlinking /local/vol00/home/vpetrov/dev/smlk_bsd_auv/des--elev_rud_model_TT_z_v_psi_py_ws/devel/share/roseus/ros/avl_bsd_translator/manifest.l
Symlinking /local/vol00/home/vpetrov/dev/smlk_bsd_auv/des--elev_rud_model_TT_z_v_psi_py_ws/devel/share/roseus/ros/avl_bsd_translator/msg/ActionMsg.l
Symlinking /local/vol00/home/vpetrov/dev/smlk_bsd_auv/des--elev_rud_model_TT_z_v_psi_py_ws/devel/share/roseus/ros/avl_bsd_translator/msg/CommandMsg.l
Symlinking /local/vol00/home/vpetrov/dev/smlk_bsd_auv/des--elev_rud_model_TT_z_v_psi_py_ws/devel/share/roseus/ros/avl_bsd_translator/msg/ResponseMsg.l
Symlinking /local/vol00/home/vpetrov/dev/smlk_bsd_auv/des--elev_rud_model_TT_z_v_psi_py_ws/devel/share/roseus/ros/avl_bsd_translator/msg/HeartbeatMsg.l
Symlinking /local/vol00/home/vpetrov/dev/smlk_bsd_auv/des--elev_rud_model_TT_z_v_psi_py_ws/devel/share/roseus/ros/avl_bsd_translator/msg/PassthroughMsg.l
Symlinking /local/vol00/home/vpetrov/dev/smlk_bsd_auv/des--elev_rud_model_TT_z_v_psi_py_ws/devel/share/roseus/ros/avl_bsd_translator/msg/DeviceMsg.l
Symlinking /local/vol00/home/vpetrov/dev/smlk_bsd_auv/des--elev_rud_model_TT_z_v_psi_py_ws/devel/share/gennodejs/ros/avl_bsd_translator/_index.js
Symlinking /local/vol00/home/vpetrov/dev/smlk_bsd_auv/des--elev_rud_model_TT_z_v_psi_py_ws/devel/share/gennodejs/ros/avl_bsd_translator/msg/ResponseMsg.js
Symlinking /local/vol00/home/vpetrov/dev/smlk_bsd_auv/des--elev_rud_model_TT_z_v_psi_py_ws/devel/share/gennodejs/ros/avl_bsd_translator/msg/CommandMsg.js
Symlinking /local/vol00/home/vpetrov/dev/smlk_bsd_auv/des--elev_rud_model_TT_z_v_psi_py_ws/devel/share/gennodejs/ros/avl_bsd_translator/msg/HeartbeatMsg.js
Symlinking /local/vol00/home/vpetrov/dev/smlk_bsd_auv/des--elev_rud_model_TT_z_v_psi_py_ws/devel/share/gennodejs/ros/avl_bsd_translator/msg/_index.js
Symlinking /local/vol00/home/vpetrov/dev/smlk_bsd_auv/des--elev_rud_model_TT_z_v_psi_py_ws/devel/share/gennodejs/ros/avl_bsd_translator/msg/PassthroughMsg.js
Symlinking /local/vol00/home/vpetrov/dev/smlk_bsd_auv/des--elev_rud_model_TT_z_v_psi_py_ws/devel/share/gennodejs/ros/avl_bsd_translator/msg/DeviceMsg.js
Symlinking /local/vol00/home/vpetrov/dev/smlk_bsd_auv/des--elev_rud_model_TT_z_v_psi_py_ws/devel/share/gennodejs/ros/avl_bsd_translator/msg/ActionMsg.js
Symlinking /local/vol00/home/vpetrov/dev/smlk_bsd_auv/des--elev_rud_model_TT_z_v_psi_py_ws/devel/share/avl_bsd_translator/cmake/avl_bsd_translatorConfig-version.cmake
Symlinking /local/vol00/home/vpetrov/dev/smlk_bsd_auv/des--elev_rud_model_TT_z_v_psi_py_ws/devel/share/avl_bsd_translator/cmake/avl_bsd_translator-msg-extras.cmake
Symlinking /local/vol00/home/vpetrov/dev/smlk_bsd_auv/des--elev_rud_model_TT_z_v_psi_py_ws/devel/share/avl_bsd_translator/cmake/avl_bsd_translatorConfig.cmake
Symlinking /local/vol00/home/vpetrov/dev/smlk_bsd_auv/des--elev_rud_model_TT_z_v_psi_py_ws/devel/share/avl_bsd_translator/cmake/avl_bsd_translator-msg-paths.cmake
Symlinking /local/vol00/home/vpetrov/dev/smlk_bsd_auv/des--elev_rud_model_TT_z_v_psi_py_ws/devel/share/common-lisp/ros/avl_bsd_translator/msg/_package_ResponseMsg.lisp
Symlinking /local/vol00/home/vpetrov/dev/smlk_bsd_auv/des--elev_rud_model_TT_z_v_psi_py_ws/devel/share/common-lisp/ros/avl_bsd_translator/msg/avl_bsd_translator-msg.asd
Symlinking /local/vol00/home/vpetrov/dev/smlk_bsd_auv/des--elev_rud_model_TT_z_v_psi_py_ws/devel/share/common-lisp/ros/avl_bsd_translator/msg/HeartbeatMsg.lisp
Symlinking /local/vol00/home/vpetrov/dev/smlk_bsd_auv/des--elev_rud_model_TT_z_v_psi_py_ws/devel/share/common-lisp/ros/avl_bsd_translator/msg/_package_ActionMsg.lisp
Symlinking /local/vol00/home/vpetrov/dev/smlk_bsd_auv/des--elev_rud_model_TT_z_v_psi_py_ws/devel/share/common-lisp/ros/avl_bsd_translator/msg/_package_HeartbeatMsg.lisp
Symlinking /local/vol00/home/vpetrov/dev/smlk_bsd_auv/des--elev_rud_model_TT_z_v_psi_py_ws/devel/share/common-lisp/ros/avl_bsd_translator/msg/ResponseMsg.lisp
Symlinking /local/vol00/home/vpetrov/dev/smlk_bsd_auv/des--elev_rud_model_TT_z_v_psi_py_ws/devel/share/common-lisp/ros/avl_bsd_translator/msg/CommandMsg.lisp
Symlinking /local/vol00/home/vpetrov/dev/smlk_bsd_auv/des--elev_rud_model_TT_z_v_psi_py_ws/devel/share/common-lisp/ros/avl_bsd_translator/msg/_package_CommandMsg.lisp
Symlinking /local/vol00/home/vpetrov/dev/smlk_bsd_auv/des--elev_rud_model_TT_z_v_psi_py_ws/devel/share/common-lisp/ros/avl_bsd_translator/msg/_package_DeviceMsg.lisp
Symlinking /local/vol00/home/vpetrov/dev/smlk_bsd_auv/des--elev_rud_model_TT_z_v_psi_py_ws/devel/share/common-lisp/ros/avl_bsd_translator/msg/_package.lisp
Symlinking /local/vol00/home/vpetrov/dev/smlk_bsd_auv/des--elev_rud_model_TT_z_v_psi_py_ws/devel/share/common-lisp/ros/avl_bsd_translator/msg/DeviceMsg.lisp
Symlinking /local/vol00/home/vpetrov/dev/smlk_bsd_auv/des--elev_rud_model_TT_z_v_psi_py_ws/devel/share/common-lisp/ros/avl_bsd_translator/msg/ActionMsg.lisp
Symlinking /local/vol00/home/vpetrov/dev/smlk_bsd_auv/des--elev_rud_model_TT_z_v_psi_py_ws/devel/share/common-lisp/ros/avl_bsd_translator/msg/PassthroughMsg.lisp
Symlinking /local/vol00/home/vpetrov/dev/smlk_bsd_auv/des--elev_rud_model_TT_z_v_psi_py_ws/devel/share/common-lisp/ros/avl_bsd_translator/msg/_package_PassthroughMsg.lisp
Cleaning: (/local/vol00/home/vpetrov/dev/smlk_bsd_auv/des--elev_rud_model_TTpy_ws/devel/.private/avl_bsd_translator/cmake.lock, /local/vol00/home/vpetrov/dev/smlk_bsd_auv/des--elev_rud_model_TTpy_ws/devel/./cmake.lock)
Cleaning: (/local/vol00/home/vpetrov/dev/smlk_bsd_auv/des--elev_rud_model_TTpy_ws/devel/.private/avl_bsd_translator/include/avl_bsd_translator/ResponseMsg.h, /local/vol00/home/vpetrov/dev/smlk_bsd_auv/des--elev_rud_model_TTpy_ws/devel/include/avl_bsd_translator/ResponseMsg.h)
Cleaning: (/local/vol00/home/vpetrov/dev/smlk_bsd_auv/des--elev_rud_model_TTpy_ws/devel/.private/avl_bsd_translator/include/avl_bsd_translator/DeviceMsg.h, /local/vol00/home/vpetrov/dev/smlk_bsd_auv/des--elev_rud_model_TTpy_ws/devel/include/avl_bsd_translator/DeviceMsg.h)
Cleaning: (/local/vol00/home/vpetrov/dev/smlk_bsd_auv/des--elev_rud_model_TTpy_ws/devel/.private/avl_bsd_translator/include/avl_bsd_translator/ActionMsg.h, /local/vol00/home/vpetrov/dev/smlk_bsd_auv/des--elev_rud_model_TTpy_ws/devel/include/avl_bsd_translator/ActionMsg.h)
Cleaning: (/local/vol00/home/vpetrov/dev/smlk_bsd_auv/des--elev_rud_model_TTpy_ws/devel/.private/avl_bsd_translator/include/avl_bsd_translator/CommandMsg.h, /local/vol00/home/vpetrov/dev/smlk_bsd_auv/des--elev_rud_model_TTpy_ws/devel/include/avl_bsd_translator/CommandMsg.h)
Cleaning: (/local/vol00/home/vpetrov/dev/smlk_bsd_auv/des--elev_rud_model_TTpy_ws/devel/.private/avl_bsd_translator/include/avl_bsd_translator/PassthroughMsg.h, /local/vol00/home/vpetrov/dev/smlk_bsd_auv/des--elev_rud_model_TTpy_ws/devel/include/avl_bsd_translator/PassthroughMsg.h)
Cleaning: (/local/vol00/home/vpetrov/dev/smlk_bsd_auv/des--elev_rud_model_TTpy_ws/devel/.private/avl_bsd_translator/include/avl_bsd_translator/HeartbeatMsg.h, /local/vol00/home/vpetrov/dev/smlk_bsd_auv/des--elev_rud_model_TTpy_ws/devel/include/avl_bsd_translator/HeartbeatMsg.h)
Cleaning: (/local/vol00/home/vpetrov/dev/smlk_bsd_auv/des--elev_rud_model_TTpy_ws/devel/.private/avl_bsd_translator/lib/avl_bsd_translator/bsd_example, /local/vol00/home/vpetrov/dev/smlk_bsd_auv/des--elev_rud_model_TTpy_ws/devel/lib/avl_bsd_translator/bsd_example)
Cleaning: (/local/vol00/home/vpetrov/dev/smlk_bsd_auv/des--elev_rud_model_TTpy_ws/devel/.private/avl_bsd_translator/lib/python3/dist-packages/avl_bsd_translator/__init__.py, /local/vol00/home/vpetrov/dev/smlk_bsd_auv/des--elev_rud_model_TTpy_ws/devel/lib/python3/dist-packages/avl_bsd_translator/__init__.py)
Cleaning: (/local/vol00/home/vpetrov/dev/smlk_bsd_auv/des--elev_rud_model_TTpy_ws/devel/.private/avl_bsd_translator/lib/python3/dist-packages/avl_bsd_translator/msg/__init__.py, /local/vol00/home/vpetrov/dev/smlk_bsd_auv/des--elev_rud_model_TTpy_ws/devel/lib/python3/dist-packages/avl_bsd_translator/msg/__init__.py)
Cleaning: (/local/vol00/home/vpetrov/dev/smlk_bsd_auv/des--elev_rud_model_TTpy_ws/devel/.private/avl_bsd_translator/lib/python3/dist-packages/avl_bsd_translator/msg/_ActionMsg.py, /local/vol00/home/vpetrov/dev/smlk_bsd_auv/des--elev_rud_model_TTpy_ws/devel/lib/python3/dist-packages/avl_bsd_translator/msg/_ActionMsg.py)
Cleaning: (/local/vol00/home/vpetrov/dev/smlk_bsd_auv/des--elev_rud_model_TTpy_ws/devel/.private/avl_bsd_translator/lib/python3/dist-packages/avl_bsd_translator/msg/_HeartbeatMsg.py, /local/vol00/home/vpetrov/dev/smlk_bsd_auv/des--elev_rud_model_TTpy_ws/devel/lib/python3/dist-packages/avl_bsd_translator/msg/_HeartbeatMsg.py)
Cleaning: (/local/vol00/home/vpetrov/dev/smlk_bsd_auv/des--elev_rud_model_TTpy_ws/devel/.private/avl_bsd_translator/lib/python3/dist-packages/avl_bsd_translator/msg/_CommandMsg.py, /local/vol00/home/vpetrov/dev/smlk_bsd_auv/des--elev_rud_model_TTpy_ws/devel/lib/python3/dist-packages/avl_bsd_translator/msg/_CommandMsg.py)
Cleaning: (/local/vol00/home/vpetrov/dev/smlk_bsd_auv/des--elev_rud_model_TTpy_ws/devel/.private/avl_bsd_translator/lib/python3/dist-packages/avl_bsd_translator/msg/_DeviceMsg.py, /local/vol00/home/vpetrov/dev/smlk_bsd_auv/des--elev_rud_model_TTpy_ws/devel/lib/python3/dist-packages/avl_bsd_translator/msg/_DeviceMsg.py)
Cleaning: (/local/vol00/home/vpetrov/dev/smlk_bsd_auv/des--elev_rud_model_TTpy_ws/devel/.private/avl_bsd_translator/lib/python3/dist-packages/avl_bsd_translator/msg/_PassthroughMsg.py, /local/vol00/home/vpetrov/dev/smlk_bsd_auv/des--elev_rud_model_TTpy_ws/devel/lib/python3/dist-packages/avl_bsd_translator/msg/_PassthroughMsg.py)
Cleaning: (/local/vol00/home/vpetrov/dev/smlk_bsd_auv/des--elev_rud_model_TTpy_ws/devel/.private/avl_bsd_translator/lib/python3/dist-packages/avl_bsd_translator/msg/_ResponseMsg.py, /local/vol00/home/vpetrov/dev/smlk_bsd_auv/des--elev_rud_model_TTpy_ws/devel/lib/python3/dist-packages/avl_bsd_translator/msg/_ResponseMsg.py)
Cleaning: (/local/vol00/home/vpetrov/dev/smlk_bsd_auv/des--elev_rud_model_TTpy_ws/devel/.private/avl_bsd_translator/lib/pkgconfig/avl_bsd_translator.pc, /local/vol00/home/vpetrov/dev/smlk_bsd_auv/des--elev_rud_model_TTpy_ws/devel/lib/pkgconfig/avl_bsd_translator.pc)
Cleaning: (/local/vol00/home/vpetrov/dev/smlk_bsd_auv/des--elev_rud_model_TTpy_ws/devel/.private/avl_bsd_translator/share/roseus/ros/avl_bsd_translator/manifest.l, /local/vol00/home/vpetrov/dev/smlk_bsd_auv/des--elev_rud_model_TTpy_ws/devel/share/roseus/ros/avl_bsd_translator/manifest.l)
Cleaning: (/local/vol00/home/vpetrov/dev/smlk_bsd_auv/des--elev_rud_model_TTpy_ws/devel/.private/avl_bsd_translator/share/roseus/ros/avl_bsd_translator/msg/ActionMsg.l, /local/vol00/home/vpetrov/dev/smlk_bsd_auv/des--elev_rud_model_TTpy_ws/devel/share/roseus/ros/avl_bsd_translator/msg/ActionMsg.l)
Cleaning: (/local/vol00/home/vpetrov/dev/smlk_bsd_auv/des--elev_rud_model_TTpy_ws/devel/.private/avl_bsd_translator/share/roseus/ros/avl_bsd_translator/msg/CommandMsg.l, /local/vol00/home/vpetrov/dev/smlk_bsd_auv/des--elev_rud_model_TTpy_ws/devel/share/roseus/ros/avl_bsd_translator/msg/CommandMsg.l)
Cleaning: (/local/vol00/home/vpetrov/dev/smlk_bsd_auv/des--elev_rud_model_TTpy_ws/devel/.private/avl_bsd_translator/share/roseus/ros/avl_bsd_translator/msg/ResponseMsg.l, /local/vol00/home/vpetrov/dev/smlk_bsd_auv/des--elev_rud_model_TTpy_ws/devel/share/roseus/ros/avl_bsd_translator/msg/ResponseMsg.l)
Cleaning: (/local/vol00/home/vpetrov/dev/smlk_bsd_auv/des--elev_rud_model_TTpy_ws/devel/.private/avl_bsd_translator/share/roseus/ros/avl_bsd_translator/msg/HeartbeatMsg.l, /local/vol00/home/vpetrov/dev/smlk_bsd_auv/des--elev_rud_model_TTpy_ws/devel/share/roseus/ros/avl_bsd_translator/msg/HeartbeatMsg.l)
Cleaning: (/local/vol00/home/vpetrov/dev/smlk_bsd_auv/des--elev_rud_model_TTpy_ws/devel/.private/avl_bsd_translator/share/roseus/ros/avl_bsd_translator/msg/PassthroughMsg.l, /local/vol00/home/vpetrov/dev/smlk_bsd_auv/des--elev_rud_model_TTpy_ws/devel/share/roseus/ros/avl_bsd_translator/msg/PassthroughMsg.l)
Cleaning: (/local/vol00/home/vpetrov/dev/smlk_bsd_auv/des--elev_rud_model_TTpy_ws/devel/.private/avl_bsd_translator/share/roseus/ros/avl_bsd_translator/msg/DeviceMsg.l, /local/vol00/home/vpetrov/dev/smlk_bsd_auv/des--elev_rud_model_TTpy_ws/devel/share/roseus/ros/avl_bsd_translator/msg/DeviceMsg.l)
Cleaning: (/local/vol00/home/vpetrov/dev/smlk_bsd_auv/des--elev_rud_model_TTpy_ws/devel/.private/avl_bsd_translator/share/gennodejs/ros/avl_bsd_translator/_index.js, /local/vol00/home/vpetrov/dev/smlk_bsd_auv/des--elev_rud_model_TTpy_ws/devel/share/gennodejs/ros/avl_bsd_translator/_index.js)
Cleaning: (/local/vol00/home/vpetrov/dev/smlk_bsd_auv/des--elev_rud_model_TTpy_ws/devel/.private/avl_bsd_translator/share/gennodejs/ros/avl_bsd_translator/msg/ResponseMsg.js, /local/vol00/home/vpetrov/dev/smlk_bsd_auv/des--elev_rud_model_TTpy_ws/devel/share/gennodejs/ros/avl_bsd_translator/msg/ResponseMsg.js)
Cleaning: (/local/vol00/home/vpetrov/dev/smlk_bsd_auv/des--elev_rud_model_TTpy_ws/devel/.private/avl_bsd_translator/share/gennodejs/ros/avl_bsd_translator/msg/CommandMsg.js, /local/vol00/home/vpetrov/dev/smlk_bsd_auv/des--elev_rud_model_TTpy_ws/devel/share/gennodejs/ros/avl_bsd_translator/msg/CommandMsg.js)
Cleaning: (/local/vol00/home/vpetrov/dev/smlk_bsd_auv/des--elev_rud_model_TTpy_ws/devel/.private/avl_bsd_translator/share/gennodejs/ros/avl_bsd_translator/msg/HeartbeatMsg.js, /local/vol00/home/vpetrov/dev/smlk_bsd_auv/des--elev_rud_model_TTpy_ws/devel/share/gennodejs/ros/avl_bsd_translator/msg/HeartbeatMsg.js)
Cleaning: (/local/vol00/home/vpetrov/dev/smlk_bsd_auv/des--elev_rud_model_TTpy_ws/devel/.private/avl_bsd_translator/share/gennodejs/ros/avl_bsd_translator/msg/_index.js, /local/vol00/home/vpetrov/dev/smlk_bsd_auv/des--elev_rud_model_TTpy_ws/devel/share/gennodejs/ros/avl_bsd_translator/msg/_index.js)
Cleaning: (/local/vol00/home/vpetrov/dev/smlk_bsd_auv/des--elev_rud_model_TTpy_ws/devel/.private/avl_bsd_translator/share/gennodejs/ros/avl_bsd_translator/msg/PassthroughMsg.js, /local/vol00/home/vpetrov/dev/smlk_bsd_auv/des--elev_rud_model_TTpy_ws/devel/share/gennodejs/ros/avl_bsd_translator/msg/PassthroughMsg.js)
Cleaning: (/local/vol00/home/vpetrov/dev/smlk_bsd_auv/des--elev_rud_model_TTpy_ws/devel/.private/avl_bsd_translator/share/gennodejs/ros/avl_bsd_translator/msg/DeviceMsg.js, /local/vol00/home/vpetrov/dev/smlk_bsd_auv/des--elev_rud_model_TTpy_ws/devel/share/gennodejs/ros/avl_bsd_translator/msg/DeviceMsg.js)
Cleaning: (/local/vol00/home/vpetrov/dev/smlk_bsd_auv/des--elev_rud_model_TTpy_ws/devel/.private/avl_bsd_translator/share/gennodejs/ros/avl_bsd_translator/msg/ActionMsg.js, /local/vol00/home/vpetrov/dev/smlk_bsd_auv/des--elev_rud_model_TTpy_ws/devel/share/gennodejs/ros/avl_bsd_translator/msg/ActionMsg.js)
Cleaning: (/local/vol00/home/vpetrov/dev/smlk_bsd_auv/des--elev_rud_model_TTpy_ws/devel/.private/avl_bsd_translator/share/avl_bsd_translator/cmake/avl_bsd_translatorConfig-version.cmake, /local/vol00/home/vpetrov/dev/smlk_bsd_auv/des--elev_rud_model_TTpy_ws/devel/share/avl_bsd_translator/cmake/avl_bsd_translatorConfig-version.cmake)
Cleaning: (/local/vol00/home/vpetrov/dev/smlk_bsd_auv/des--elev_rud_model_TTpy_ws/devel/.private/avl_bsd_translator/share/avl_bsd_translator/cmake/avl_bsd_translator-msg-extras.cmake, /local/vol00/home/vpetrov/dev/smlk_bsd_auv/des--elev_rud_model_TTpy_ws/devel/share/avl_bsd_translator/cmake/avl_bsd_translator-msg-extras.cmake)
Cleaning: (/local/vol00/home/vpetrov/dev/smlk_bsd_auv/des--elev_rud_model_TTpy_ws/devel/.private/avl_bsd_translator/share/avl_bsd_translator/cmake/avl_bsd_translatorConfig.cmake, /local/vol00/home/vpetrov/dev/smlk_bsd_auv/des--elev_rud_model_TTpy_ws/devel/share/avl_bsd_translator/cmake/avl_bsd_translatorConfig.cmake)
Cleaning: (/local/vol00/home/vpetrov/dev/smlk_bsd_auv/des--elev_rud_model_TTpy_ws/devel/.private/avl_bsd_translator/share/avl_bsd_translator/cmake/avl_bsd_translator-msg-paths.cmake, /local/vol00/home/vpetrov/dev/smlk_bsd_auv/des--elev_rud_model_TTpy_ws/devel/share/avl_bsd_translator/cmake/avl_bsd_translator-msg-paths.cmake)
Cleaning: (/local/vol00/home/vpetrov/dev/smlk_bsd_auv/des--elev_rud_model_TTpy_ws/devel/.private/avl_bsd_translator/share/common-lisp/ros/avl_bsd_translator/msg/_package_ResponseMsg.lisp, /local/vol00/home/vpetrov/dev/smlk_bsd_auv/des--elev_rud_model_TTpy_ws/devel/share/common-lisp/ros/avl_bsd_translator/msg/_package_ResponseMsg.lisp)
Cleaning: (/local/vol00/home/vpetrov/dev/smlk_bsd_auv/des--elev_rud_model_TTpy_ws/devel/.private/avl_bsd_translator/share/common-lisp/ros/avl_bsd_translator/msg/avl_bsd_translator-msg.asd, /local/vol00/home/vpetrov/dev/smlk_bsd_auv/des--elev_rud_model_TTpy_ws/devel/share/common-lisp/ros/avl_bsd_translator/msg/avl_bsd_translator-msg.asd)
Cleaning: (/local/vol00/home/vpetrov/dev/smlk_bsd_auv/des--elev_rud_model_TTpy_ws/devel/.private/avl_bsd_translator/share/common-lisp/ros/avl_bsd_translator/msg/HeartbeatMsg.lisp, /local/vol00/home/vpetrov/dev/smlk_bsd_auv/des--elev_rud_model_TTpy_ws/devel/share/common-lisp/ros/avl_bsd_translator/msg/HeartbeatMsg.lisp)
Cleaning: (/local/vol00/home/vpetrov/dev/smlk_bsd_auv/des--elev_rud_model_TTpy_ws/devel/.private/avl_bsd_translator/share/common-lisp/ros/avl_bsd_translator/msg/_package_ActionMsg.lisp, /local/vol00/home/vpetrov/dev/smlk_bsd_auv/des--elev_rud_model_TTpy_ws/devel/share/common-lisp/ros/avl_bsd_translator/msg/_package_ActionMsg.lisp)
Cleaning: (/local/vol00/home/vpetrov/dev/smlk_bsd_auv/des--elev_rud_model_TTpy_ws/devel/.private/avl_bsd_translator/share/common-lisp/ros/avl_bsd_translator/msg/_package_HeartbeatMsg.lisp, /local/vol00/home/vpetrov/dev/smlk_bsd_auv/des--elev_rud_model_TTpy_ws/devel/share/common-lisp/ros/avl_bsd_translator/msg/_package_HeartbeatMsg.lisp)
Cleaning: (/local/vol00/home/vpetrov/dev/smlk_bsd_auv/des--elev_rud_model_TTpy_ws/devel/.private/avl_bsd_translator/share/common-lisp/ros/avl_bsd_translator/msg/ResponseMsg.lisp, /local/vol00/home/vpetrov/dev/smlk_bsd_auv/des--elev_rud_model_TTpy_ws/devel/share/common-lisp/ros/avl_bsd_translator/msg/ResponseMsg.lisp)
Cleaning: (/local/vol00/home/vpetrov/dev/smlk_bsd_auv/des--elev_rud_model_TTpy_ws/devel/.private/avl_bsd_translator/share/common-lisp/ros/avl_bsd_translator/msg/CommandMsg.lisp, /local/vol00/home/vpetrov/dev/smlk_bsd_auv/des--elev_rud_model_TTpy_ws/devel/share/common-lisp/ros/avl_bsd_translator/msg/CommandMsg.lisp)
Cleaning: (/local/vol00/home/vpetrov/dev/smlk_bsd_auv/des--elev_rud_model_TTpy_ws/devel/.private/avl_bsd_translator/share/common-lisp/ros/avl_bsd_translator/msg/_package_CommandMsg.lisp, /local/vol00/home/vpetrov/dev/smlk_bsd_auv/des--elev_rud_model_TTpy_ws/devel/share/common-lisp/ros/avl_bsd_translator/msg/_package_CommandMsg.lisp)
Cleaning: (/local/vol00/home/vpetrov/dev/smlk_bsd_auv/des--elev_rud_model_TTpy_ws/devel/.private/avl_bsd_translator/share/common-lisp/ros/avl_bsd_translator/msg/_package_DeviceMsg.lisp, /local/vol00/home/vpetrov/dev/smlk_bsd_auv/des--elev_rud_model_TTpy_ws/devel/share/common-lisp/ros/avl_bsd_translator/msg/_package_DeviceMsg.lisp)
Cleaning: (/local/vol00/home/vpetrov/dev/smlk_bsd_auv/des--elev_rud_model_TTpy_ws/devel/.private/avl_bsd_translator/share/common-lisp/ros/avl_bsd_translator/msg/_package.lisp, /local/vol00/home/vpetrov/dev/smlk_bsd_auv/des--elev_rud_model_TTpy_ws/devel/share/common-lisp/ros/avl_bsd_translator/msg/_package.lisp)
Cleaning: (/local/vol00/home/vpetrov/dev/smlk_bsd_auv/des--elev_rud_model_TTpy_ws/devel/.private/avl_bsd_translator/share/common-lisp/ros/avl_bsd_translator/msg/DeviceMsg.lisp, /local/vol00/home/vpetrov/dev/smlk_bsd_auv/des--elev_rud_model_TTpy_ws/devel/share/common-lisp/ros/avl_bsd_translator/msg/DeviceMsg.lisp)
Cleaning: (/local/vol00/home/vpetrov/dev/smlk_bsd_auv/des--elev_rud_model_TTpy_ws/devel/.private/avl_bsd_translator/share/common-lisp/ros/avl_bsd_translator/msg/ActionMsg.lisp, /local/vol00/home/vpetrov/dev/smlk_bsd_auv/des--elev_rud_model_TTpy_ws/devel/share/common-lisp/ros/avl_bsd_translator/msg/ActionMsg.lisp)
Cleaning: (/local/vol00/home/vpetrov/dev/smlk_bsd_auv/des--elev_rud_model_TTpy_ws/devel/.private/avl_bsd_translator/share/common-lisp/ros/avl_bsd_translator/msg/PassthroughMsg.lisp, /local/vol00/home/vpetrov/dev/smlk_bsd_auv/des--elev_rud_model_TTpy_ws/devel/share/common-lisp/ros/avl_bsd_translator/msg/PassthroughMsg.lisp)
Cleaning: (/local/vol00/home/vpetrov/dev/smlk_bsd_auv/des--elev_rud_model_TTpy_ws/devel/.private/avl_bsd_translator/share/common-lisp/ros/avl_bsd_translator/msg/_package_PassthroughMsg.lisp, /local/vol00/home/vpetrov/dev/smlk_bsd_auv/des--elev_rud_model_TTpy_ws/devel/share/common-lisp/ros/avl_bsd_translator/msg/_package_PassthroughMsg.lisp)
Unlinking: /local/vol00/home/vpetrov/dev/smlk_bsd_auv/des--elev_rud_model_TTpy_ws/devel/include/avl_bsd_translator/ResponseMsg.h
Unlinking: /local/vol00/home/vpetrov/dev/smlk_bsd_auv/des--elev_rud_model_TTpy_ws/devel/include/avl_bsd_translator/DeviceMsg.h
Unlinking: /local/vol00/home/vpetrov/dev/smlk_bsd_auv/des--elev_rud_model_TTpy_ws/devel/include/avl_bsd_translator/ActionMsg.h
Unlinking: /local/vol00/home/vpetrov/dev/smlk_bsd_auv/des--elev_rud_model_TTpy_ws/devel/include/avl_bsd_translator/CommandMsg.h
Unlinking: /local/vol00/home/vpetrov/dev/smlk_bsd_auv/des--elev_rud_model_TTpy_ws/devel/include/avl_bsd_translator/PassthroughMsg.h
Unlinking: /local/vol00/home/vpetrov/dev/smlk_bsd_auv/des--elev_rud_model_TTpy_ws/devel/include/avl_bsd_translator/HeartbeatMsg.h
Unlinking: /local/vol00/home/vpetrov/dev/smlk_bsd_auv/des--elev_rud_model_TTpy_ws/devel/lib/avl_bsd_translator/bsd_example
Unlinking: /local/vol00/home/vpetrov/dev/smlk_bsd_auv/des--elev_rud_model_TTpy_ws/devel/lib/python3/dist-packages/avl_bsd_translator/__init__.py
Unlinking: /local/vol00/home/vpetrov/dev/smlk_bsd_auv/des--elev_rud_model_TTpy_ws/devel/lib/python3/dist-packages/avl_bsd_translator/msg/__init__.py
Unlinking: /local/vol00/home/vpetrov/dev/smlk_bsd_auv/des--elev_rud_model_TTpy_ws/devel/lib/python3/dist-packages/avl_bsd_translator/msg/_ActionMsg.py
Unlinking: /local/vol00/home/vpetrov/dev/smlk_bsd_auv/des--elev_rud_model_TTpy_ws/devel/lib/python3/dist-packages/avl_bsd_translator/msg/_HeartbeatMsg.py
Unlinking: /local/vol00/home/vpetrov/dev/smlk_bsd_auv/des--elev_rud_model_TTpy_ws/devel/lib/python3/dist-packages/avl_bsd_translator/msg/_CommandMsg.py
Unlinking: /local/vol00/home/vpetrov/dev/smlk_bsd_auv/des--elev_rud_model_TTpy_ws/devel/lib/python3/dist-packages/avl_bsd_translator/msg/_DeviceMsg.py
Unlinking: /local/vol00/home/vpetrov/dev/smlk_bsd_auv/des--elev_rud_model_TTpy_ws/devel/lib/python3/dist-packages/avl_bsd_translator/msg/_PassthroughMsg.py
Unlinking: /local/vol00/home/vpetrov/dev/smlk_bsd_auv/des--elev_rud_model_TTpy_ws/devel/lib/python3/dist-packages/avl_bsd_translator/msg/_ResponseMsg.py
Unlinking: /local/vol00/home/vpetrov/dev/smlk_bsd_auv/des--elev_rud_model_TTpy_ws/devel/lib/pkgconfig/avl_bsd_translator.pc
Unlinking: /local/vol00/home/vpetrov/dev/smlk_bsd_auv/des--elev_rud_model_TTpy_ws/devel/share/roseus/ros/avl_bsd_translator/manifest.l
Unlinking: /local/vol00/home/vpetrov/dev/smlk_bsd_auv/des--elev_rud_model_TTpy_ws/devel/share/roseus/ros/avl_bsd_translator/msg/ActionMsg.l
Unlinking: /local/vol00/home/vpetrov/dev/smlk_bsd_auv/des--elev_rud_model_TTpy_ws/devel/share/roseus/ros/avl_bsd_translator/msg/CommandMsg.l
Unlinking: /local/vol00/home/vpetrov/dev/smlk_bsd_auv/des--elev_rud_model_TTpy_ws/devel/share/roseus/ros/avl_bsd_translator/msg/ResponseMsg.l
Unlinking: /local/vol00/home/vpetrov/dev/smlk_bsd_auv/des--elev_rud_model_TTpy_ws/devel/share/roseus/ros/avl_bsd_translator/msg/HeartbeatMsg.l
Unlinking: /local/vol00/home/vpetrov/dev/smlk_bsd_auv/des--elev_rud_model_TTpy_ws/devel/share/roseus/ros/avl_bsd_translator/msg/PassthroughMsg.l
Unlinking: /local/vol00/home/vpetrov/dev/smlk_bsd_auv/des--elev_rud_model_TTpy_ws/devel/share/roseus/ros/avl_bsd_translator/msg/DeviceMsg.l
Unlinking: /local/vol00/home/vpetrov/dev/smlk_bsd_auv/des--elev_rud_model_TTpy_ws/devel/share/gennodejs/ros/avl_bsd_translator/_index.js
Unlinking: /local/vol00/home/vpetrov/dev/smlk_bsd_auv/des--elev_rud_model_TTpy_ws/devel/share/gennodejs/ros/avl_bsd_translator/msg/ResponseMsg.js
Unlinking: /local/vol00/home/vpetrov/dev/smlk_bsd_auv/des--elev_rud_model_TTpy_ws/devel/share/gennodejs/ros/avl_bsd_translator/msg/CommandMsg.js
Unlinking: /local/vol00/home/vpetrov/dev/smlk_bsd_auv/des--elev_rud_model_TTpy_ws/devel/share/gennodejs/ros/avl_bsd_translator/msg/HeartbeatMsg.js
Unlinking: /local/vol00/home/vpetrov/dev/smlk_bsd_auv/des--elev_rud_model_TTpy_ws/devel/share/gennodejs/ros/avl_bsd_translator/msg/_index.js
Unlinking: /local/vol00/home/vpetrov/dev/smlk_bsd_auv/des--elev_rud_model_TTpy_ws/devel/share/gennodejs/ros/avl_bsd_translator/msg/PassthroughMsg.js
Unlinking: /local/vol00/home/vpetrov/dev/smlk_bsd_auv/des--elev_rud_model_TTpy_ws/devel/share/gennodejs/ros/avl_bsd_translator/msg/DeviceMsg.js
Unlinking: /local/vol00/home/vpetrov/dev/smlk_bsd_auv/des--elev_rud_model_TTpy_ws/devel/share/gennodejs/ros/avl_bsd_translator/msg/ActionMsg.js
Unlinking: /local/vol00/home/vpetrov/dev/smlk_bsd_auv/des--elev_rud_model_TTpy_ws/devel/share/avl_bsd_translator/cmake/avl_bsd_translatorConfig-version.cmake
Unlinking: /local/vol00/home/vpetrov/dev/smlk_bsd_auv/des--elev_rud_model_TTpy_ws/devel/share/avl_bsd_translator/cmake/avl_bsd_translator-msg-extras.cmake
Unlinking: /local/vol00/home/vpetrov/dev/smlk_bsd_auv/des--elev_rud_model_TTpy_ws/devel/share/avl_bsd_translator/cmake/avl_bsd_translatorConfig.cmake
Unlinking: /local/vol00/home/vpetrov/dev/smlk_bsd_auv/des--elev_rud_model_TTpy_ws/devel/share/avl_bsd_translator/cmake/avl_bsd_translator-msg-paths.cmake
Unlinking: /local/vol00/home/vpetrov/dev/smlk_bsd_auv/des--elev_rud_model_TTpy_ws/devel/share/common-lisp/ros/avl_bsd_translator/msg/_package_ResponseMsg.lisp
Unlinking: /local/vol00/home/vpetrov/dev/smlk_bsd_auv/des--elev_rud_model_TTpy_ws/devel/share/common-lisp/ros/avl_bsd_translator/msg/avl_bsd_translator-msg.asd
Unlinking: /local/vol00/home/vpetrov/dev/smlk_bsd_auv/des--elev_rud_model_TTpy_ws/devel/share/common-lisp/ros/avl_bsd_translator/msg/HeartbeatMsg.lisp
Unlinking: /local/vol00/home/vpetrov/dev/smlk_bsd_auv/des--elev_rud_model_TTpy_ws/devel/share/common-lisp/ros/avl_bsd_translator/msg/_package_ActionMsg.lisp
Unlinking: /local/vol00/home/vpetrov/dev/smlk_bsd_auv/des--elev_rud_model_TTpy_ws/devel/share/common-lisp/ros/avl_bsd_translator/msg/_package_HeartbeatMsg.lisp
Unlinking: /local/vol00/home/vpetrov/dev/smlk_bsd_auv/des--elev_rud_model_TTpy_ws/devel/share/common-lisp/ros/avl_bsd_translator/msg/ResponseMsg.lisp
Unlinking: /local/vol00/home/vpetrov/dev/smlk_bsd_auv/des--elev_rud_model_TTpy_ws/devel/share/common-lisp/ros/avl_bsd_translator/msg/CommandMsg.lisp
Unlinking: /local/vol00/home/vpetrov/dev/smlk_bsd_auv/des--elev_rud_model_TTpy_ws/devel/share/common-lisp/ros/avl_bsd_translator/msg/_package_CommandMsg.lisp
Unlinking: /local/vol00/home/vpetrov/dev/smlk_bsd_auv/des--elev_rud_model_TTpy_ws/devel/share/common-lisp/ros/avl_bsd_translator/msg/_package_DeviceMsg.lisp
Unlinking: /local/vol00/home/vpetrov/dev/smlk_bsd_auv/des--elev_rud_model_TTpy_ws/devel/share/common-lisp/ros/avl_bsd_translator/msg/_package.lisp
Unlinking: /local/vol00/home/vpetrov/dev/smlk_bsd_auv/des--elev_rud_model_TTpy_ws/devel/share/common-lisp/ros/avl_bsd_translator/msg/DeviceMsg.lisp
Unlinking: /local/vol00/home/vpetrov/dev/smlk_bsd_auv/des--elev_rud_model_TTpy_ws/devel/share/common-lisp/ros/avl_bsd_translator/msg/ActionMsg.lisp
Unlinking: /local/vol00/home/vpetrov/dev/smlk_bsd_auv/des--elev_rud_model_TTpy_ws/devel/share/common-lisp/ros/avl_bsd_translator/msg/PassthroughMsg.lisp
Unlinking: /local/vol00/home/vpetrov/dev/smlk_bsd_auv/des--elev_rud_model_TTpy_ws/devel/share/common-lisp/ros/avl_bsd_translator/msg/_package_PassthroughMsg.lisp
